#
# There is insufficient memory for the Java Runtime Environment to continue.
# Native memory allocation (mmap) failed to map 80740352 bytes for G1 virtual space
# Possible reasons:
#   The system is out of physical RAM or swap space
#   The process is running with CompressedOops enabled, and the Java Heap may be blocking the growth of the native heap
# Possible solutions:
#   Reduce memory load on the system
#   Increase physical memory or swap space
#   Check if swap backing store is full
#   Decrease Java heap size (-Xmx/-Xms)
#   Decrease number of Java threads
#   Decrease Java thread stack sizes (-Xss)
#   Set larger code cache with -XX:ReservedCodeCacheSize=
#   JVM is running with Unscaled Compressed Oops mode in which the Java heap is
#     placed in the first 4GB address space. The Java Heap base address is the
#     maximum limit for the native heap growth. Please use -XX:HeapBaseMinAddress
#     to set the Java Heap base and to place the Java Heap above 4GB virtual address.
# This output file may be truncated or incomplete.
#
#  Out of Memory Error (os_windows.cpp:3603), pid=22132, tid=18820
#
# JRE version: Java(TM) SE Runtime Environment (21.0.8+12) (build 21.0.8+12-LTS-250)
# Java VM: Java HotSpot(TM) 64-Bit Server VM (21.0.8+12-LTS-250, mixed mode, sharing, tiered, compressed oops, compressed class ptrs, g1 gc, windows-amd64)
# No core dump will be written. Minidumps are not enabled by default on client versions of Windows
#

---------------  S U M M A R Y ------------

Command Line: --add-opens=java.base/java.lang=ALL-UNNAMED --add-opens=java.base/java.lang.invoke=ALL-UNNAMED --add-opens=java.base/java.util=ALL-UNNAMED --add-opens=java.prefs/java.util.prefs=ALL-UNNAMED --add-exports=jdk.compiler/com.sun.tools.javac.api=ALL-UNNAMED --add-exports=jdk.compiler/com.sun.tools.javac.util=ALL-UNNAMED --add-opens=java.base/java.util=ALL-UNNAMED --add-opens=java.prefs/java.util.prefs=ALL-UNNAMED --add-opens=java.base/java.nio.charset=ALL-UNNAMED --add-opens=java.base/java.net=ALL-UNNAMED --add-opens=java.base/java.util.concurrent.atomic=ALL-UNNAMED --add-opens=java.xml/javax.xml.namespace=ALL-UNNAMED -Xmx2048m -Dfile.encoding=UTF-8 -Duser.country=US -Duser.language=en -Duser.variant -javaagent:C:\Users\Admin\.gradle\wrapper\dists\gradle-8.13-bin\5xuhj0ry160q40clulazy9h7d\gradle-8.13\lib\agents\gradle-instrumentation-agent-8.13.jar org.gradle.launcher.daemon.bootstrap.GradleDaemon 8.13

Host: AMD Ryzen 5 5600H with Radeon Graphics         , 12 cores, 5G,  Windows 10 , 64 bit Build 19041 (10.0.19041.5915)
Time: Mon Jan 12 21:48:28 2026 SE Asia Standard Time elapsed time: 33.946438 seconds (0d 0h 0m 33s)

---------------  T H R E A D  ---------------

Current thread (0x00000239c5e3c150):  VMThread "VM Thread"          [id=18820, stack(0x0000004a46600000,0x0000004a46700000) (1024K)]

Stack: [0x0000004a46600000,0x0000004a46700000]
Native frames: (J=compiled Java code, j=interpreted, Vv=VM code, C=native code)
V  [jvm.dll+0x6cc179]
V  [jvm.dll+0x8584c1]
V  [jvm.dll+0x85a9ee]
V  [jvm.dll+0x85b0c3]
V  [jvm.dll+0x27ebf6]
V  [jvm.dll+0x6c88f5]
V  [jvm.dll+0x6bd45a]
V  [jvm.dll+0x354b1a]
V  [jvm.dll+0x35c796]
V  [jvm.dll+0x3af85e]
V  [jvm.dll+0x3afb08]
V  [jvm.dll+0x328e2c]
V  [jvm.dll+0x32b686]
V  [jvm.dll+0x335638]
V  [jvm.dll+0x36b965]
V  [jvm.dll+0x860e90]
V  [jvm.dll+0x862214]
V  [jvm.dll+0x862750]
V  [jvm.dll+0x8629f3]
V  [jvm.dll+0x80279b]
V  [jvm.dll+0x6ca85d]
C  [ucrtbase.dll+0x21bb2]
C  [KERNEL32.DLL+0x17374]
C  [ntdll.dll+0x4cc91]

VM_Operation (0x0000004a461ff640): G1PauseRemark, mode: safepoint, requested by thread 0x00000239a7119020


---------------  P R O C E S S  ---------------

Threads class SMR info:
_java_thread_list=0x0000023a0f1f2520, length=77, elements={
0x00000239a6f44f00, 0x00000239c5e528b0, 0x00000239c5e533d0, 0x00000239c5e56d10,
0x00000239c5e58600, 0x00000239c5e58c60, 0x00000239c5e5d2d0, 0x00000239c5e65c70,
0x00000239c5e69f30, 0x00000239c5e29af0, 0x0000023a0b263640, 0x0000023a0c94ba10,
0x0000023a0bdcdfc0, 0x0000023a0c9e3fe0, 0x0000023a0c9b24c0, 0x0000023a0c9b2b20,
0x0000023a0caca290, 0x0000023a0cb2cfd0, 0x0000023a0cb6df70, 0x0000023a0cb6c530,
0x0000023a0cb6b180, 0x0000023a0cb6e600, 0x0000023a0cb6cbc0, 0x0000023a0cb6b810,
0x0000023a0cb6bea0, 0x0000023a0cb6d250, 0x0000023a0cb6d8e0, 0x0000023a0bfef2d0,
0x0000023a0bfef960, 0x0000023a0bfefff0, 0x0000023a0bff20c0, 0x0000023a0bff0680,
0x0000023a0bff0d10, 0x0000023a0bff13a0, 0x0000023a0bff1a30, 0x0000023a10045b60,
0x0000023a100461f0, 0x0000023a10044120, 0x0000023a10043a90, 0x0000023a10046880,
0x0000023a100447b0, 0x0000023a112e0f70, 0x0000023a112e4a80, 0x0000023a112ddaf0,
0x0000023a1e9ae280, 0x0000023a1e9b5210, 0x0000023a1e9b1070, 0x0000023a1e9b3140,
0x0000023a1e9b58a0, 0x0000023a1e9ae910, 0x0000023a1e9b37d0, 0x0000023a1e9b2420,
0x0000023a1e9b3e60, 0x0000023a1e9b44f0, 0x0000023a1e9aefa0, 0x0000023a1e9b1d90,
0x0000023a1e9b2ab0, 0x0000023a1e9af630, 0x0000023a1e9afcc0, 0x0000023a1e9b0350,
0x0000023a1e9b4b80, 0x0000023a1e9b09e0, 0x0000023a1e9b1700, 0x0000023a1f3c5240,
0x0000023a1f3c3e90, 0x0000023a1f3c4bb0, 0x0000023a1f3c8030, 0x0000023a1f3c58d0,
0x0000023a1f3c7310, 0x0000023a1f3c4520, 0x0000023a1f3c65f0, 0x0000023a1f3c1dc0,
0x0000023a1f3c5f60, 0x0000023a1f3c10a0, 0x0000023a0b0d05b0, 0x0000023a0b0cd7c0,
0x0000023a1fa07880
}

Java Threads: ( => current thread )
  0x00000239a6f44f00 JavaThread "main"                              [_thread_blocked, id=13892, stack(0x0000004a45f00000,0x0000004a46000000) (1024K)]
  0x00000239c5e528b0 JavaThread "Reference Handler"          daemon [_thread_blocked, id=24512, stack(0x0000004a46700000,0x0000004a46800000) (1024K)]
  0x00000239c5e533d0 JavaThread "Finalizer"                  daemon [_thread_blocked, id=11056, stack(0x0000004a46800000,0x0000004a46900000) (1024K)]
  0x00000239c5e56d10 JavaThread "Signal Dispatcher"          daemon [_thread_blocked, id=9664, stack(0x0000004a46900000,0x0000004a46a00000) (1024K)]
  0x00000239c5e58600 JavaThread "Attach Listener"            daemon [_thread_blocked, id=4356, stack(0x0000004a46a00000,0x0000004a46b00000) (1024K)]
  0x00000239c5e58c60 JavaThread "Service Thread"             daemon [_thread_blocked, id=6524, stack(0x0000004a46b00000,0x0000004a46c00000) (1024K)]
  0x00000239c5e5d2d0 JavaThread "Monitor Deflation Thread"   daemon [_thread_blocked, id=6520, stack(0x0000004a46c00000,0x0000004a46d00000) (1024K)]
  0x00000239c5e65c70 JavaThread "C2 CompilerThread0"         daemon [_thread_blocked, id=1636, stack(0x0000004a46d00000,0x0000004a46e00000) (1024K)]
  0x00000239c5e69f30 JavaThread "C1 CompilerThread0"         daemon [_thread_blocked, id=18812, stack(0x0000004a46e00000,0x0000004a46f00000) (1024K)]
  0x00000239c5e29af0 JavaThread "Common-Cleaner"             daemon [_thread_blocked, id=21104, stack(0x0000004a46f00000,0x0000004a47000000) (1024K)]
  0x0000023a0b263640 JavaThread "Notification Thread"        daemon [_thread_blocked, id=8216, stack(0x0000004a47000000,0x0000004a47100000) (1024K)]
  0x0000023a0c94ba10 JavaThread "Daemon health stats"               [_thread_blocked, id=14920, stack(0x0000004a47600000,0x0000004a47700000) (1024K)]
  0x0000023a0bdcdfc0 JavaThread "Incoming local TCP Connector on port 58876"        [_thread_in_native, id=13864, stack(0x0000004a47700000,0x0000004a47800000) (1024K)]
  0x0000023a0c9e3fe0 JavaThread "Daemon periodic checks"            [_thread_blocked, id=22472, stack(0x0000004a47800000,0x0000004a47900000) (1024K)]
  0x0000023a0c9b24c0 JavaThread "Daemon"                            [_thread_blocked, id=16536, stack(0x0000004a47900000,0x0000004a47a00000) (1024K)]
  0x0000023a0c9b2b20 JavaThread "Handler for socket connection from /127.0.0.1:58876 to /127.0.0.1:58877"        [_thread_in_native, id=13236, stack(0x0000004a47a00000,0x0000004a47b00000) (1024K)]
  0x0000023a0caca290 JavaThread "Cancel handler"                    [_thread_blocked, id=18264, stack(0x0000004a47b00000,0x0000004a47c00000) (1024K)]
  0x0000023a0cb2cfd0 JavaThread "Daemon worker"                     [_thread_blocked, id=25244, stack(0x0000004a47c00000,0x0000004a47d00000) (1024K)]
  0x0000023a0cb6df70 JavaThread "Asynchronous log dispatcher for DefaultDaemonConnection: socket connection from /127.0.0.1:58876 to /127.0.0.1:58877"        [_thread_blocked, id=25568, stack(0x0000004a47d00000,0x0000004a47e00000) (1024K)]
  0x0000023a0cb6c530 JavaThread "Stdin handler"                     [_thread_blocked, id=23852, stack(0x0000004a47e00000,0x0000004a47f00000) (1024K)]
  0x0000023a0cb6b180 JavaThread "Daemon client event forwarder"        [_thread_blocked, id=2576, stack(0x0000004a47f00000,0x0000004a48000000) (1024K)]
  0x0000023a0cb6e600 JavaThread "Cache worker for journal cache (C:\Users\Admin\.gradle\caches\journal-1)"        [_thread_blocked, id=24724, stack(0x0000004a48000000,0x0000004a48100000) (1024K)]
  0x0000023a0cb6cbc0 JavaThread "File lock request listener"        [_thread_in_native, id=24844, stack(0x0000004a48100000,0x0000004a48200000) (1024K)]
  0x0000023a0cb6b810 JavaThread "Cache worker for file hash cache (C:\Users\Admin\.gradle\caches\8.13\fileHashes)"        [_thread_blocked, id=23764, stack(0x0000004a48200000,0x0000004a48300000) (1024K)]
  0x0000023a0cb6bea0 JavaThread "Cache worker for file hash cache (C:\Users\Admin\AndroidStudioProjects\TodoApp\.gradle\8.13\fileHashes)"        [_thread_blocked, id=12752, stack(0x0000004a48900000,0x0000004a48a00000) (1024K)]
  0x0000023a0cb6d250 JavaThread "Cache worker for Build Output Cleanup Cache (C:\Users\Admin\AndroidStudioProjects\TodoApp\.gradle\buildOutputCleanup)"        [_thread_blocked, id=23152, stack(0x0000004a48a00000,0x0000004a48b00000) (1024K)]
  0x0000023a0cb6d8e0 JavaThread "File watcher server"        daemon [_thread_in_native, id=14368, stack(0x0000004a48b00000,0x0000004a48c00000) (1024K)]
  0x0000023a0bfef2d0 JavaThread "File watcher consumer"      daemon [_thread_blocked, id=25452, stack(0x0000004a48c00000,0x0000004a48d00000) (1024K)]
  0x0000023a0bfef960 JavaThread "jar transforms"                    [_thread_blocked, id=17988, stack(0x0000004a48d00000,0x0000004a48e00000) (1024K)]
  0x0000023a0bfefff0 JavaThread "jar transforms Thread 2"           [_thread_blocked, id=21560, stack(0x0000004a48e00000,0x0000004a48f00000) (1024K)]
  0x0000023a0bff20c0 JavaThread "jar transforms Thread 3"           [_thread_blocked, id=25540, stack(0x0000004a48f00000,0x0000004a49000000) (1024K)]
  0x0000023a0bff0680 JavaThread "jar transforms Thread 4"           [_thread_blocked, id=5648, stack(0x0000004a49000000,0x0000004a49100000) (1024K)]
  0x0000023a0bff0d10 JavaThread "jar transforms Thread 5"           [_thread_blocked, id=11732, stack(0x0000004a49100000,0x0000004a49200000) (1024K)]
  0x0000023a0bff13a0 JavaThread "Cache worker for checksums cache (C:\Users\Admin\AndroidStudioProjects\TodoApp\.gradle\8.13\checksums)"        [_thread_blocked, id=21580, stack(0x0000004a49200000,0x0000004a49300000) (1024K)]
  0x0000023a0bff1a30 JavaThread "Cache worker for file content cache (C:\Users\Admin\.gradle\caches\8.13\fileContent)"        [_thread_blocked, id=6180, stack(0x0000004a49300000,0x0000004a49400000) (1024K)]
  0x0000023a10045b60 JavaThread "jar transforms Thread 6"           [_thread_blocked, id=17864, stack(0x0000004a49400000,0x0000004a49500000) (1024K)]
  0x0000023a100461f0 JavaThread "jar transforms Thread 7"           [_thread_blocked, id=4820, stack(0x0000004a49500000,0x0000004a49600000) (1024K)]
  0x0000023a10044120 JavaThread "jar transforms Thread 8"           [_thread_blocked, id=25592, stack(0x0000004a49600000,0x0000004a49700000) (1024K)]
  0x0000023a10043a90 JavaThread "jar transforms Thread 9"           [_thread_blocked, id=11672, stack(0x0000004a49700000,0x0000004a49800000) (1024K)]
  0x0000023a10046880 JavaThread "Cache worker for cache directory md-supplier (C:\Users\Admin\.gradle\caches\8.13\md-supplier)"        [_thread_blocked, id=12136, stack(0x0000004a49800000,0x0000004a49900000) (1024K)]
  0x0000023a100447b0 JavaThread "Cache worker for cache directory md-rule (C:\Users\Admin\.gradle\caches\8.13\md-rule)"        [_thread_blocked, id=5124, stack(0x0000004a49900000,0x0000004a49a00000) (1024K)]
  0x0000023a112e0f70 JavaThread "Unconstrained build operations"        [_thread_blocked, id=23592, stack(0x0000004a49a00000,0x0000004a49b00000) (1024K)]
  0x0000023a112e4a80 JavaThread "Unconstrained build operations Thread 2"        [_thread_blocked, id=4064, stack(0x0000004a49b00000,0x0000004a49c00000) (1024K)]
  0x0000023a112ddaf0 JavaThread "Unconstrained build operations Thread 3"        [_thread_blocked, id=10564, stack(0x0000004a49c00000,0x0000004a49d00000) (1024K)]
  0x0000023a1e9ae280 JavaThread "Unconstrained build operations Thread 4"        [_thread_blocked, id=3524, stack(0x0000004a49d00000,0x0000004a49e00000) (1024K)]
  0x0000023a1e9b5210 JavaThread "Unconstrained build operations Thread 5"        [_thread_blocked, id=22632, stack(0x0000004a49e00000,0x0000004a49f00000) (1024K)]
  0x0000023a1e9b1070 JavaThread "Unconstrained build operations Thread 6"        [_thread_blocked, id=20164, stack(0x0000004a49f00000,0x0000004a4a000000) (1024K)]
  0x0000023a1e9b3140 JavaThread "Unconstrained build operations Thread 7"        [_thread_blocked, id=9836, stack(0x0000004a4a000000,0x0000004a4a100000) (1024K)]
  0x0000023a1e9b58a0 JavaThread "Unconstrained build operations Thread 8"        [_thread_blocked, id=6392, stack(0x0000004a4a100000,0x0000004a4a200000) (1024K)]
  0x0000023a1e9ae910 JavaThread "Unconstrained build operations Thread 9"        [_thread_blocked, id=18740, stack(0x0000004a4a200000,0x0000004a4a300000) (1024K)]
  0x0000023a1e9b37d0 JavaThread "Unconstrained build operations Thread 10"        [_thread_blocked, id=24772, stack(0x0000004a4a300000,0x0000004a4a400000) (1024K)]
  0x0000023a1e9b2420 JavaThread "Unconstrained build operations Thread 11"        [_thread_blocked, id=10372, stack(0x0000004a4a400000,0x0000004a4a500000) (1024K)]
  0x0000023a1e9b3e60 JavaThread "Unconstrained build operations Thread 12"        [_thread_blocked, id=17076, stack(0x0000004a4a500000,0x0000004a4a600000) (1024K)]
  0x0000023a1e9b44f0 JavaThread "Unconstrained build operations Thread 13"        [_thread_blocked, id=18460, stack(0x0000004a4a600000,0x0000004a4a700000) (1024K)]
  0x0000023a1e9aefa0 JavaThread "Unconstrained build operations Thread 14"        [_thread_blocked, id=17348, stack(0x0000004a4a700000,0x0000004a4a800000) (1024K)]
  0x0000023a1e9b1d90 JavaThread "Unconstrained build operations Thread 15"        [_thread_blocked, id=24136, stack(0x0000004a4a800000,0x0000004a4a900000) (1024K)]
  0x0000023a1e9b2ab0 JavaThread "Unconstrained build operations Thread 16"        [_thread_blocked, id=784, stack(0x0000004a4a900000,0x0000004a4aa00000) (1024K)]
  0x0000023a1e9af630 JavaThread "Unconstrained build operations Thread 17"        [_thread_blocked, id=25132, stack(0x0000004a4aa00000,0x0000004a4ab00000) (1024K)]
  0x0000023a1e9afcc0 JavaThread "Unconstrained build operations Thread 18"        [_thread_blocked, id=4408, stack(0x0000004a4ab00000,0x0000004a4ac00000) (1024K)]
  0x0000023a1e9b0350 JavaThread "Unconstrained build operations Thread 19"        [_thread_blocked, id=19204, stack(0x0000004a4ac00000,0x0000004a4ad00000) (1024K)]
  0x0000023a1e9b4b80 JavaThread "Unconstrained build operations Thread 20"        [_thread_blocked, id=25196, stack(0x0000004a4ad00000,0x0000004a4ae00000) (1024K)]
  0x0000023a1e9b09e0 JavaThread "Unconstrained build operations Thread 21"        [_thread_blocked, id=22800, stack(0x0000004a4ae00000,0x0000004a4af00000) (1024K)]
  0x0000023a1e9b1700 JavaThread "Unconstrained build operations Thread 22"        [_thread_blocked, id=13992, stack(0x0000004a4af00000,0x0000004a4b000000) (1024K)]
  0x0000023a1f3c5240 JavaThread "Unconstrained build operations Thread 23"        [_thread_blocked, id=2908, stack(0x0000004a4b000000,0x0000004a4b100000) (1024K)]
  0x0000023a1f3c3e90 JavaThread "Unconstrained build operations Thread 24"        [_thread_blocked, id=22636, stack(0x0000004a4b100000,0x0000004a4b200000) (1024K)]
  0x0000023a1f3c4bb0 JavaThread "Unconstrained build operations Thread 25"        [_thread_blocked, id=19772, stack(0x0000004a4b200000,0x0000004a4b300000) (1024K)]
  0x0000023a1f3c8030 JavaThread "Unconstrained build operations Thread 26"        [_thread_blocked, id=5724, stack(0x0000004a4b300000,0x0000004a4b400000) (1024K)]
  0x0000023a1f3c58d0 JavaThread "Unconstrained build operations Thread 27"        [_thread_blocked, id=19796, stack(0x0000004a4b400000,0x0000004a4b500000) (1024K)]
  0x0000023a1f3c7310 JavaThread "Unconstrained build operations Thread 28"        [_thread_blocked, id=21764, stack(0x0000004a4b500000,0x0000004a4b600000) (1024K)]
  0x0000023a1f3c4520 JavaThread "Unconstrained build operations Thread 29"        [_thread_blocked, id=5664, stack(0x0000004a4b600000,0x0000004a4b700000) (1024K)]
  0x0000023a1f3c65f0 JavaThread "Unconstrained build operations Thread 30"        [_thread_blocked, id=8896, stack(0x0000004a4b700000,0x0000004a4b800000) (1024K)]
  0x0000023a1f3c1dc0 JavaThread "Unconstrained build operations Thread 31"        [_thread_blocked, id=5868, stack(0x0000004a4b800000,0x0000004a4b900000) (1024K)]
  0x0000023a1f3c5f60 JavaThread "Unconstrained build operations Thread 32"        [_thread_blocked, id=12212, stack(0x0000004a4b900000,0x0000004a4ba00000) (1024K)]
  0x0000023a1f3c10a0 JavaThread "Unconstrained build operations Thread 33"        [_thread_blocked, id=11388, stack(0x0000004a4ba00000,0x0000004a4bb00000) (1024K)]
  0x0000023a0b0d05b0 JavaThread "Memory manager"                    [_thread_blocked, id=22520, stack(0x0000004a4bb00000,0x0000004a4bc00000) (1024K)]
  0x0000023a0b0cd7c0 JavaThread "Problems report writer"            [_thread_blocked, id=21444, stack(0x0000004a4bc00000,0x0000004a4bd00000) (1024K)]
  0x0000023a1fa07880 JavaThread "build event listener"              [_thread_blocked, id=24780, stack(0x0000004a4bd00000,0x0000004a4be00000) (1024K)]
Total: 77

Other Threads:
=>0x00000239c5e3c150 VMThread "VM Thread"                           [id=18820, stack(0x0000004a46600000,0x0000004a46700000) (1024K)]
  0x00000239c5e293f0 WatcherThread "VM Periodic Task Thread"        [id=21636, stack(0x0000004a46500000,0x0000004a46600000) (1024K)]
  0x00000239a7107f00 WorkerThread "GC Thread#0"                     [id=23288, stack(0x0000004a46000000,0x0000004a46100000) (1024K)]
  0x0000023a0b7fa900 WorkerThread "GC Thread#1"                     [id=18888, stack(0x0000004a47100000,0x0000004a47200000) (1024K)]
  0x0000023a0b6b6d80 WorkerThread "GC Thread#2"                     [id=15408, stack(0x0000004a47200000,0x0000004a47300000) (1024K)]
  0x0000023a0b6b7120 WorkerThread "GC Thread#3"                     [id=11120, stack(0x0000004a47300000,0x0000004a47400000) (1024K)]
  0x0000023a0bd29c70 WorkerThread "GC Thread#4"                     [id=1048, stack(0x0000004a47400000,0x0000004a47500000) (1024K)]
  0x0000023a0c87b270 WorkerThread "GC Thread#5"                     [id=24024, stack(0x0000004a47500000,0x0000004a47600000) (1024K)]
  0x0000023a0d32afe0 WorkerThread "GC Thread#6"                     [id=15816, stack(0x0000004a48300000,0x0000004a48400000) (1024K)]
  0x0000023a0d7b0960 WorkerThread "GC Thread#7"                     [id=14636, stack(0x0000004a48400000,0x0000004a48500000) (1024K)]
  0x0000023a0d7b0d00 WorkerThread "GC Thread#8"                     [id=8504, stack(0x0000004a48500000,0x0000004a48600000) (1024K)]
  0x0000023a0d1c06c0 WorkerThread "GC Thread#9"                     [id=2408, stack(0x0000004a48600000,0x0000004a48700000) (1024K)]
  0x00000239a7119020 ConcurrentGCThread "G1 Main Marker"            [id=23488, stack(0x0000004a46100000,0x0000004a46200000) (1024K)]
  0x00000239a7119a30 WorkerThread "G1 Conc#0"                       [id=19136, stack(0x0000004a46200000,0x0000004a46300000) (1024K)]
  0x0000023a0d1bff80 WorkerThread "G1 Conc#1"                       [id=14964, stack(0x0000004a48700000,0x0000004a48800000) (1024K)]
  0x0000023a0d1c0320 WorkerThread "G1 Conc#2"                       [id=3176, stack(0x0000004a48800000,0x0000004a48900000) (1024K)]
  0x00000239a717ea90 ConcurrentGCThread "G1 Refine#0"               [id=24672, stack(0x0000004a46300000,0x0000004a46400000) (1024K)]
  0x00000239c5cfa660 ConcurrentGCThread "G1 Service"                [id=23608, stack(0x0000004a46400000,0x0000004a46500000) (1024K)]
Total: 18

Threads with active compile tasks:
C2 CompilerThread0    34001 14403       4       org.jetbrains.kotlin.metadata.ProtoBuf$Type::writeTo (354 bytes)
Total: 1

VM state: at safepoint (normal execution)

VM Mutex/Monitor currently owned by a thread:  ([mutex/lock_event])
[0x00007ffb82a50e50] Threads_lock - owner thread: 0x00000239c5e3c150
[0x00007ffb82a50f50] Heap_lock - owner thread: 0x00000239a7119020

Heap address: 0x0000000080000000, size: 2048 MB, Compressed Oops mode: 32-bit

CDS archive(s) mapped at: [0x00000239c6000000-0x00000239c6c90000-0x00000239c6c90000), size 13172736, SharedBaseAddress: 0x00000239c6000000, ArchiveRelocationMode: 1.
Compressed class space mapped at: 0x00000239c7000000-0x0000023a07000000, reserved size: 1073741824
Narrow klass base: 0x00000239c6000000, Narrow klass shift: 0, Narrow klass range: 0x100000000

GC Precious Log:
 CardTable entry size: 512
 Card Set container configuration: InlinePtr #cards 5 size 8 Array Of Cards #cards 12 size 40 Howl #buckets 4 coarsen threshold 1843 Howl Bitmap #cards 512 size 80 coarsen threshold 460 Card regions per heap region 1 cards per card region 2048
 CPUs: 12 total, 12 available
 Memory: 5996M
 Large Page Support: Disabled
 NUMA Support: Disabled
 Compressed Oops: Enabled (32-bit)
 Heap Region Size: 1M
 Heap Min Capacity: 8M
 Heap Initial Capacity: 94M
 Heap Max Capacity: 2G
 Pre-touch: Disabled
 Parallel Workers: 10
 Concurrent Workers: 3
 Concurrent Refinement Workers: 10
 Periodic GC: Disabled

Heap:
 garbage-first heap   total 228352K, used 182910K [0x0000000080000000, 0x0000000100000000)
  region size 1024K, 35 young (35840K), 9 survivors (9216K)
 Metaspace       used 139661K, committed 142336K, reserved 1179648K
  class space    used 18017K, committed 19328K, reserved 1048576K

Heap Regions: E=young(eden), S=young(survivor), O=old, HS=humongous(starts), HC=humongous(continues), CS=collection set, F=free, TAMS=top-at-mark-start, PB=parsable bottom
|   0|0x0000000080000000, 0x0000000080100000, 0x0000000080100000|100%|HS|  |TAMS 0x0000000080100000| PB 0x0000000080000000| Complete 
|   1|0x0000000080100000, 0x0000000080200000, 0x0000000080200000|100%|HC|  |TAMS 0x0000000080200000| PB 0x0000000080100000| Complete 
|   2|0x0000000080200000, 0x0000000080300000, 0x0000000080300000|100%|HC|  |TAMS 0x0000000080300000| PB 0x0000000080200000| Complete 
|   3|0x0000000080300000, 0x0000000080400000, 0x0000000080400000|100%| O|  |TAMS 0x0000000080400000| PB 0x0000000080400000| Untracked 
|   4|0x0000000080400000, 0x0000000080500000, 0x0000000080500000|100%| O|  |TAMS 0x0000000080500000| PB 0x0000000080500000| Untracked 
|   5|0x0000000080500000, 0x0000000080600000, 0x0000000080600000|100%| O|  |TAMS 0x0000000080600000| PB 0x0000000080600000| Untracked 
|   6|0x0000000080600000, 0x0000000080700000, 0x0000000080700000|100%|HS|  |TAMS 0x0000000080700000| PB 0x0000000080600000| Complete 
|   7|0x0000000080700000, 0x0000000080800000, 0x0000000080800000|100%| O|  |TAMS 0x0000000080800000| PB 0x0000000080800000| Untracked 
|   8|0x0000000080800000, 0x0000000080900000, 0x0000000080900000|100%| O|  |TAMS 0x0000000080900000| PB 0x0000000080900000| Untracked 
|   9|0x0000000080900000, 0x0000000080a00000, 0x0000000080a00000|100%| O|  |TAMS 0x0000000080a00000| PB 0x0000000080a00000| Untracked 
|  10|0x0000000080a00000, 0x0000000080b00000, 0x0000000080b00000|100%| O|  |TAMS 0x0000000080b00000| PB 0x0000000080b00000| Updating 
|  11|0x0000000080b00000, 0x0000000080c00000, 0x0000000080c00000|100%| O|  |TAMS 0x0000000080c00000| PB 0x0000000080c00000| Untracked 
|  12|0x0000000080c00000, 0x0000000080d00000, 0x0000000080d00000|100%| O|  |TAMS 0x0000000080d00000| PB 0x0000000080d00000| Updating 
|  13|0x0000000080d00000, 0x0000000080e00000, 0x0000000080e00000|100%| O|  |TAMS 0x0000000080e00000| PB 0x0000000080e00000| Updating 
|  14|0x0000000080e00000, 0x0000000080f00000, 0x0000000080f00000|100%| O|  |TAMS 0x0000000080f00000| PB 0x0000000080f00000| Untracked 
|  15|0x0000000080f00000, 0x0000000081000000, 0x0000000081000000|100%| O|  |TAMS 0x0000000081000000| PB 0x0000000081000000| Untracked 
|  16|0x0000000081000000, 0x0000000081100000, 0x0000000081100000|100%| O|  |TAMS 0x0000000081100000| PB 0x0000000081100000| Untracked 
|  17|0x0000000081100000, 0x0000000081200000, 0x0000000081200000|100%| O|  |TAMS 0x0000000081200000| PB 0x0000000081200000| Untracked 
|  18|0x0000000081200000, 0x0000000081300000, 0x0000000081300000|100%| O|  |TAMS 0x0000000081300000| PB 0x0000000081300000| Untracked 
|  19|0x0000000081300000, 0x0000000081400000, 0x0000000081400000|100%| O|  |TAMS 0x0000000081400000| PB 0x0000000081400000| Untracked 
|  20|0x0000000081400000, 0x0000000081500000, 0x0000000081500000|100%| O|  |TAMS 0x0000000081500000| PB 0x0000000081500000| Updating 
|  21|0x0000000081500000, 0x0000000081600000, 0x0000000081600000|100%| O|  |TAMS 0x0000000081600000| PB 0x0000000081600000| Updating 
|  22|0x0000000081600000, 0x0000000081700000, 0x0000000081700000|100%| O|  |TAMS 0x0000000081700000| PB 0x0000000081700000| Untracked 
|  23|0x0000000081700000, 0x0000000081800000, 0x0000000081800000|100%| O|  |TAMS 0x0000000081800000| PB 0x0000000081800000| Untracked 
|  24|0x0000000081800000, 0x0000000081900000, 0x0000000081900000|100%| O|  |TAMS 0x0000000081900000| PB 0x0000000081900000| Untracked 
|  25|0x0000000081900000, 0x0000000081a00000, 0x0000000081a00000|100%| O|  |TAMS 0x0000000081a00000| PB 0x0000000081a00000| Untracked 
|  26|0x0000000081a00000, 0x0000000081b00000, 0x0000000081b00000|100%| O|  |TAMS 0x0000000081b00000| PB 0x0000000081b00000| Untracked 
|  27|0x0000000081b00000, 0x0000000081c00000, 0x0000000081c00000|100%| O|  |TAMS 0x0000000081c00000| PB 0x0000000081c00000| Updating 
|  28|0x0000000081c00000, 0x0000000081d00000, 0x0000000081d00000|100%| O|  |TAMS 0x0000000081d00000| PB 0x0000000081d00000| Updating 
|  29|0x0000000081d00000, 0x0000000081e00000, 0x0000000081e00000|100%| O|  |TAMS 0x0000000081e00000| PB 0x0000000081e00000| Untracked 
|  30|0x0000000081e00000, 0x0000000081f00000, 0x0000000081f00000|100%| O|  |TAMS 0x0000000081f00000| PB 0x0000000081f00000| Updating 
|  31|0x0000000081f00000, 0x0000000082000000, 0x0000000082000000|100%|HS|  |TAMS 0x0000000082000000| PB 0x0000000081f00000| Complete 
|  32|0x0000000082000000, 0x0000000082100000, 0x0000000082100000|100%| O|  |TAMS 0x0000000082100000| PB 0x0000000082100000| Untracked 
|  33|0x0000000082100000, 0x0000000082200000, 0x0000000082200000|100%| O|  |TAMS 0x0000000082200000| PB 0x0000000082200000| Untracked 
|  34|0x0000000082200000, 0x0000000082300000, 0x0000000082300000|100%| O|  |TAMS 0x0000000082300000| PB 0x0000000082300000| Updating 
|  35|0x0000000082300000, 0x0000000082400000, 0x0000000082400000|100%| O|  |TAMS 0x0000000082400000| PB 0x0000000082400000| Untracked 
|  36|0x0000000082400000, 0x0000000082500000, 0x0000000082500000|100%| O|  |TAMS 0x0000000082500000| PB 0x0000000082500000| Updating 
|  37|0x0000000082500000, 0x0000000082600000, 0x0000000082600000|100%| O|  |TAMS 0x0000000082600000| PB 0x0000000082600000| Updating 
|  38|0x0000000082600000, 0x0000000082700000, 0x0000000082700000|100%| O|  |TAMS 0x0000000082700000| PB 0x0000000082700000| Updating 
|  39|0x0000000082700000, 0x0000000082800000, 0x0000000082800000|100%| O|  |TAMS 0x0000000082800000| PB 0x0000000082800000| Updating 
|  40|0x0000000082800000, 0x0000000082900000, 0x0000000082900000|100%| O|  |TAMS 0x0000000082900000| PB 0x0000000082900000| Updating 
|  41|0x0000000082900000, 0x0000000082a00000, 0x0000000082a00000|100%| O|  |TAMS 0x0000000082a00000| PB 0x0000000082a00000| Untracked 
|  42|0x0000000082a00000, 0x0000000082b00000, 0x0000000082b00000|100%| O|  |TAMS 0x0000000082b00000| PB 0x0000000082b00000| Untracked 
|  43|0x0000000082b00000, 0x0000000082c00000, 0x0000000082c00000|100%|HS|  |TAMS 0x0000000082c00000| PB 0x0000000082b00000| Complete 
|  44|0x0000000082c00000, 0x0000000082d00000, 0x0000000082d00000|100%|HC|  |TAMS 0x0000000082d00000| PB 0x0000000082c00000| Complete 
|  45|0x0000000082d00000, 0x0000000082e00000, 0x0000000082e00000|100%|HC|  |TAMS 0x0000000082e00000| PB 0x0000000082d00000| Complete 
|  46|0x0000000082e00000, 0x0000000082f00000, 0x0000000082f00000|100%|HC|  |TAMS 0x0000000082f00000| PB 0x0000000082e00000| Complete 
|  47|0x0000000082f00000, 0x0000000083000000, 0x0000000083000000|100%|HC|  |TAMS 0x0000000083000000| PB 0x0000000082f00000| Complete 
|  48|0x0000000083000000, 0x0000000083100000, 0x0000000083100000|100%|HC|  |TAMS 0x0000000083100000| PB 0x0000000083000000| Complete 
|  49|0x0000000083100000, 0x0000000083200000, 0x0000000083200000|100%| O|  |TAMS 0x0000000083200000| PB 0x0000000083200000| Untracked 
|  50|0x0000000083200000, 0x0000000083300000, 0x0000000083300000|100%| O|  |TAMS 0x0000000083300000| PB 0x0000000083300000| Untracked 
|  51|0x0000000083300000, 0x0000000083400000, 0x0000000083400000|100%| O|  |TAMS 0x0000000083400000| PB 0x0000000083400000| Updating 
|  52|0x0000000083400000, 0x0000000083500000, 0x0000000083500000|100%| O|  |TAMS 0x0000000083500000| PB 0x0000000083500000| Untracked 
|  53|0x0000000083500000, 0x0000000083600000, 0x0000000083600000|100%| O|  |TAMS 0x0000000083600000| PB 0x0000000083600000| Untracked 
|  54|0x0000000083600000, 0x0000000083700000, 0x0000000083700000|100%|HS|  |TAMS 0x0000000083700000| PB 0x0000000083600000| Complete 
|  55|0x0000000083700000, 0x0000000083800000, 0x0000000083800000|100%| O|  |TAMS 0x0000000083800000| PB 0x0000000083800000| Untracked 
|  56|0x0000000083800000, 0x0000000083900000, 0x0000000083900000|100%| O|  |TAMS 0x0000000083900000| PB 0x0000000083900000| Untracked 
|  57|0x0000000083900000, 0x0000000083a00000, 0x0000000083a00000|100%| O|  |TAMS 0x0000000083a00000| PB 0x0000000083a00000| Updating 
|  58|0x0000000083a00000, 0x0000000083b00000, 0x0000000083b00000|100%| O|  |TAMS 0x0000000083b00000| PB 0x0000000083b00000| Untracked 
|  59|0x0000000083b00000, 0x0000000083c00000, 0x0000000083c00000|100%| O|  |TAMS 0x0000000083c00000| PB 0x0000000083c00000| Untracked 
|  60|0x0000000083c00000, 0x0000000083d00000, 0x0000000083d00000|100%| O|  |TAMS 0x0000000083d00000| PB 0x0000000083d00000| Untracked 
|  61|0x0000000083d00000, 0x0000000083e00000, 0x0000000083e00000|100%| O|  |TAMS 0x0000000083e00000| PB 0x0000000083e00000| Untracked 
|  62|0x0000000083e00000, 0x0000000083f00000, 0x0000000083f00000|100%| O|  |TAMS 0x0000000083f00000| PB 0x0000000083f00000| Untracked 
|  63|0x0000000083f00000, 0x0000000084000000, 0x0000000084000000|100%|HS|  |TAMS 0x0000000084000000| PB 0x0000000083f00000| Complete 
|  64|0x0000000084000000, 0x0000000084100000, 0x0000000084100000|100%| O|  |TAMS 0x0000000084000000| PB 0x0000000084000000| Untracked 
|  65|0x0000000084100000, 0x0000000084200000, 0x0000000084200000|100%| O|  |TAMS 0x0000000084200000| PB 0x0000000084200000| Updating 
|  66|0x0000000084200000, 0x0000000084300000, 0x0000000084300000|100%| O|  |TAMS 0x0000000084300000| PB 0x0000000084300000| Updating 
|  67|0x0000000084300000, 0x0000000084400000, 0x0000000084400000|100%| O|  |TAMS 0x0000000084400000| PB 0x0000000084400000| Untracked 
|  68|0x0000000084400000, 0x0000000084500000, 0x0000000084500000|100%| O|  |TAMS 0x0000000084500000| PB 0x0000000084500000| Untracked 
|  69|0x0000000084500000, 0x0000000084600000, 0x0000000084600000|100%| O|  |TAMS 0x0000000084600000| PB 0x0000000084600000| Untracked 
|  70|0x0000000084600000, 0x0000000084700000, 0x0000000084700000|100%| O|  |TAMS 0x0000000084600000| PB 0x0000000084600000| Untracked 
|  71|0x0000000084700000, 0x0000000084800000, 0x0000000084800000|100%| O|  |TAMS 0x0000000084700000| PB 0x0000000084700000| Untracked 
|  72|0x0000000084800000, 0x0000000084900000, 0x0000000084900000|100%| O|  |TAMS 0x0000000084900000| PB 0x0000000084900000| Updating 
|  73|0x0000000084900000, 0x0000000084a00000, 0x0000000084a00000|100%| O|  |TAMS 0x0000000084a00000| PB 0x0000000084a00000| Untracked 
|  74|0x0000000084a00000, 0x0000000084b00000, 0x0000000084b00000|100%| O|  |TAMS 0x0000000084b00000| PB 0x0000000084b00000| Updating 
|  75|0x0000000084b00000, 0x0000000084c00000, 0x0000000084c00000|100%| O|  |TAMS 0x0000000084c00000| PB 0x0000000084c00000| Untracked 
|  76|0x0000000084c00000, 0x0000000084d00000, 0x0000000084d00000|100%| O|  |TAMS 0x0000000084d00000| PB 0x0000000084d00000| Updating 
|  77|0x0000000084d00000, 0x0000000084e00000, 0x0000000084e00000|100%| O|  |TAMS 0x0000000084e00000| PB 0x0000000084e00000| Updating 
|  78|0x0000000084e00000, 0x0000000084f00000, 0x0000000084f00000|100%| O|  |TAMS 0x0000000084f00000| PB 0x0000000084f00000| Untracked 
|  79|0x0000000084f00000, 0x0000000085000000, 0x0000000085000000|100%| O|  |TAMS 0x0000000085000000| PB 0x0000000085000000| Updating 
|  80|0x0000000085000000, 0x0000000085100000, 0x0000000085100000|100%|HS|  |TAMS 0x0000000085100000| PB 0x0000000085000000| Complete 
|  81|0x0000000085100000, 0x0000000085200000, 0x0000000085200000|100%| O|  |TAMS 0x0000000085100000| PB 0x0000000085100000| Untracked 
|  82|0x0000000085200000, 0x0000000085300000, 0x0000000085300000|100%| O|  |TAMS 0x0000000085300000| PB 0x0000000085300000| Untracked 
|  83|0x0000000085300000, 0x0000000085400000, 0x0000000085400000|100%| O|  |TAMS 0x0000000085400000| PB 0x0000000085400000| Updating 
|  84|0x0000000085400000, 0x0000000085500000, 0x0000000085500000|100%| O|  |TAMS 0x0000000085500000| PB 0x0000000085500000| Updating 
|  85|0x0000000085500000, 0x0000000085600000, 0x0000000085600000|100%| O|  |TAMS 0x0000000085600000| PB 0x0000000085600000| Untracked 
|  86|0x0000000085600000, 0x0000000085700000, 0x0000000085700000|100%| O|  |TAMS 0x0000000085700000| PB 0x0000000085700000| Untracked 
|  87|0x0000000085700000, 0x0000000085800000, 0x0000000085800000|100%| O|  |TAMS 0x0000000085800000| PB 0x0000000085800000| Updating 
|  88|0x0000000085800000, 0x0000000085900000, 0x0000000085900000|100%| O|  |TAMS 0x0000000085800000| PB 0x0000000085800000| Untracked 
|  89|0x0000000085900000, 0x0000000085a00000, 0x0000000085a00000|100%| O|  |TAMS 0x0000000085a00000| PB 0x0000000085a00000| Untracked 
|  90|0x0000000085a00000, 0x0000000085b00000, 0x0000000085b00000|100%|HS|  |TAMS 0x0000000085b00000| PB 0x0000000085a00000| Complete 
|  91|0x0000000085b00000, 0x0000000085c00000, 0x0000000085c00000|100%|HC|  |TAMS 0x0000000085c00000| PB 0x0000000085b00000| Complete 
|  92|0x0000000085c00000, 0x0000000085d00000, 0x0000000085d00000|100%|HS|  |TAMS 0x0000000085d00000| PB 0x0000000085c00000| Complete 
|  93|0x0000000085d00000, 0x0000000085e00000, 0x0000000085e00000|100%| O|  |TAMS 0x0000000085e00000| PB 0x0000000085e00000| Untracked 
|  94|0x0000000085e00000, 0x0000000085f00000, 0x0000000085f00000|100%| O|  |TAMS 0x0000000085f00000| PB 0x0000000085f00000| Untracked 
|  95|0x0000000085f00000, 0x0000000086000000, 0x0000000086000000|100%| O|  |TAMS 0x0000000086000000| PB 0x0000000086000000| Updating 
|  96|0x0000000086000000, 0x0000000086100000, 0x0000000086100000|100%| O|  |TAMS 0x0000000086100000| PB 0x0000000086100000| Updating 
|  97|0x0000000086100000, 0x0000000086200000, 0x0000000086200000|100%|HS|  |TAMS 0x0000000086200000| PB 0x0000000086100000| Complete 
|  98|0x0000000086200000, 0x0000000086300000, 0x0000000086300000|100%|HC|  |TAMS 0x0000000086300000| PB 0x0000000086200000| Complete 
|  99|0x0000000086300000, 0x0000000086400000, 0x0000000086400000|100%|HC|  |TAMS 0x0000000086400000| PB 0x0000000086300000| Complete 
| 100|0x0000000086400000, 0x0000000086500000, 0x0000000086500000|100%|HS|  |TAMS 0x0000000086500000| PB 0x0000000086400000| Complete 
| 101|0x0000000086500000, 0x0000000086600000, 0x0000000086600000|100%|HS|  |TAMS 0x0000000086600000| PB 0x0000000086500000| Complete 
| 102|0x0000000086600000, 0x0000000086700000, 0x0000000086700000|100%| O|  |TAMS 0x0000000086700000| PB 0x0000000086700000| Updating 
| 103|0x0000000086700000, 0x0000000086800000, 0x0000000086800000|100%| O|  |TAMS 0x0000000086800000| PB 0x0000000086800000| Updating 
| 104|0x0000000086800000, 0x0000000086900000, 0x0000000086900000|100%|HS|  |TAMS 0x0000000086900000| PB 0x0000000086800000| Complete 
| 105|0x0000000086900000, 0x0000000086a00000, 0x0000000086a00000|100%|HC|  |TAMS 0x0000000086a00000| PB 0x0000000086900000| Complete 
| 106|0x0000000086a00000, 0x0000000086b00000, 0x0000000086b00000|100%|HS|  |TAMS 0x0000000086b00000| PB 0x0000000086a00000| Complete 
| 107|0x0000000086b00000, 0x0000000086c00000, 0x0000000086c00000|100%|HC|  |TAMS 0x0000000086c00000| PB 0x0000000086b00000| Complete 
| 108|0x0000000086c00000, 0x0000000086d00000, 0x0000000086d00000|100%|HC|  |TAMS 0x0000000086d00000| PB 0x0000000086c00000| Complete 
| 109|0x0000000086d00000, 0x0000000086e00000, 0x0000000086e00000|100%| O|  |TAMS 0x0000000086e00000| PB 0x0000000086e00000| Untracked 
| 110|0x0000000086e00000, 0x0000000086f00000, 0x0000000086f00000|100%| O|  |TAMS 0x0000000086f00000| PB 0x0000000086f00000| Untracked 
| 111|0x0000000086f00000, 0x0000000087000000, 0x0000000087000000|100%| O|  |TAMS 0x0000000087000000| PB 0x0000000087000000| Untracked 
| 112|0x0000000087000000, 0x0000000087100000, 0x0000000087100000|100%| O|  |TAMS 0x0000000087100000| PB 0x0000000087100000| Untracked 
| 113|0x0000000087100000, 0x0000000087200000, 0x0000000087200000|100%| O|  |TAMS 0x0000000087200000| PB 0x0000000087200000| Untracked 
| 114|0x0000000087200000, 0x0000000087300000, 0x0000000087300000|100%| O|  |TAMS 0x0000000087300000| PB 0x0000000087300000| Untracked 
| 115|0x0000000087300000, 0x0000000087400000, 0x0000000087400000|100%| O|  |TAMS 0x0000000087300000| PB 0x0000000087300000| Untracked 
| 116|0x0000000087400000, 0x0000000087500000, 0x0000000087500000|100%|HS|  |TAMS 0x0000000087500000| PB 0x0000000087400000| Complete 
| 117|0x0000000087500000, 0x0000000087600000, 0x0000000087600000|100%| O|  |TAMS 0x0000000087600000| PB 0x0000000087600000| Updating 
| 118|0x0000000087600000, 0x0000000087700000, 0x0000000087700000|100%| O|  |TAMS 0x0000000087700000| PB 0x0000000087700000| Updating 
| 119|0x0000000087700000, 0x0000000087800000, 0x0000000087800000|100%| O|  |TAMS 0x0000000087800000| PB 0x0000000087800000| Updating 
| 120|0x0000000087800000, 0x0000000087900000, 0x0000000087900000|100%| O|  |TAMS 0x0000000087900000| PB 0x0000000087900000| Updating 
| 121|0x0000000087900000, 0x0000000087a00000, 0x0000000087a00000|100%| O|  |TAMS 0x0000000087a00000| PB 0x0000000087a00000| Updating 
| 122|0x0000000087a00000, 0x0000000087b00000, 0x0000000087b00000|100%| O|  |TAMS 0x0000000087b00000| PB 0x0000000087b00000| Updating 
| 123|0x0000000087b00000, 0x0000000087c00000, 0x0000000087c00000|100%| O|  |TAMS 0x0000000087c00000| PB 0x0000000087c00000| Updating 
| 124|0x0000000087c00000, 0x0000000087d00000, 0x0000000087d00000|100%| O|  |TAMS 0x0000000087d00000| PB 0x0000000087d00000| Untracked 
| 125|0x0000000087d00000, 0x0000000087e00000, 0x0000000087e00000|100%| O|  |TAMS 0x0000000087e00000| PB 0x0000000087e00000| Untracked 
| 126|0x0000000087e00000, 0x0000000087f00000, 0x0000000087f00000|100%| O|  |TAMS 0x0000000087f00000| PB 0x0000000087f00000| Untracked 
| 127|0x0000000087f00000, 0x0000000088000000, 0x0000000088000000|100%| O|  |TAMS 0x0000000088000000| PB 0x0000000088000000| Untracked 
| 128|0x0000000088000000, 0x0000000088100000, 0x0000000088100000|100%| O|  |TAMS 0x0000000088100000| PB 0x0000000088100000| Untracked 
| 129|0x0000000088100000, 0x0000000088200000, 0x0000000088200000|100%| O|  |TAMS 0x0000000088200000| PB 0x0000000088200000| Updating 
| 130|0x0000000088200000, 0x0000000088300000, 0x0000000088300000|100%| O|  |TAMS 0x0000000088200000| PB 0x0000000088200000| Untracked 
| 131|0x0000000088300000, 0x0000000088400000, 0x0000000088400000|100%| O|  |TAMS 0x0000000088300000| PB 0x0000000088300000| Untracked 
| 132|0x0000000088400000, 0x0000000088500000, 0x0000000088500000|100%| O|  |TAMS 0x0000000088400000| PB 0x0000000088400000| Untracked 
| 133|0x0000000088500000, 0x0000000088600000, 0x0000000088600000|100%| O|  |TAMS 0x0000000088500000| PB 0x0000000088500000| Untracked 
| 134|0x0000000088600000, 0x0000000088700000, 0x0000000088700000|100%| O|  |TAMS 0x0000000088700000| PB 0x0000000088700000| Untracked 
| 135|0x0000000088700000, 0x0000000088800000, 0x0000000088800000|100%|HS|  |TAMS 0x0000000088700000| PB 0x0000000088700000| Complete 
| 136|0x0000000088800000, 0x0000000088800000, 0x0000000088900000|  0%| F|  |TAMS 0x0000000088800000| PB 0x0000000088800000| Untracked 
| 137|0x0000000088900000, 0x0000000088900000, 0x0000000088a00000|  0%| F|  |TAMS 0x0000000088900000| PB 0x0000000088900000| Untracked 
| 138|0x0000000088a00000, 0x0000000088a00000, 0x0000000088b00000|  0%| F|  |TAMS 0x0000000088a00000| PB 0x0000000088a00000| Untracked 
| 139|0x0000000088b00000, 0x0000000088b00000, 0x0000000088c00000|  0%| F|  |TAMS 0x0000000088b00000| PB 0x0000000088b00000| Untracked 
| 140|0x0000000088c00000, 0x0000000088c00000, 0x0000000088d00000|  0%| F|  |TAMS 0x0000000088c00000| PB 0x0000000088c00000| Untracked 
| 141|0x0000000088d00000, 0x0000000088d00000, 0x0000000088e00000|  0%| F|  |TAMS 0x0000000088d00000| PB 0x0000000088d00000| Untracked 
| 142|0x0000000088e00000, 0x0000000088e00000, 0x0000000088f00000|  0%| F|  |TAMS 0x0000000088e00000| PB 0x0000000088e00000| Untracked 
| 143|0x0000000088f00000, 0x0000000088f00000, 0x0000000089000000|  0%| F|  |TAMS 0x0000000088f00000| PB 0x0000000088f00000| Untracked 
| 144|0x0000000089000000, 0x0000000089000000, 0x0000000089100000|  0%| F|  |TAMS 0x0000000089000000| PB 0x0000000089000000| Untracked 
| 145|0x0000000089100000, 0x0000000089200000, 0x0000000089200000|100%| O|  |TAMS 0x0000000089100000| PB 0x0000000089100000| Untracked 
| 146|0x0000000089200000, 0x0000000089300000, 0x0000000089300000|100%| O|  |TAMS 0x0000000089200000| PB 0x0000000089200000| Untracked 
| 147|0x0000000089300000, 0x0000000089400000, 0x0000000089400000|100%| O|  |TAMS 0x0000000089300000| PB 0x0000000089300000| Untracked 
| 148|0x0000000089400000, 0x000000008949fb78, 0x0000000089500000| 62%| O|  |TAMS 0x0000000089400000| PB 0x0000000089400000| Updating 
| 149|0x0000000089500000, 0x0000000089500000, 0x0000000089600000|  0%| F|  |TAMS 0x0000000089500000| PB 0x0000000089500000| Untracked 
| 150|0x0000000089600000, 0x0000000089600000, 0x0000000089700000|  0%| F|  |TAMS 0x0000000089600000| PB 0x0000000089600000| Untracked 
| 151|0x0000000089700000, 0x0000000089700000, 0x0000000089800000|  0%| F|  |TAMS 0x0000000089700000| PB 0x0000000089700000| Untracked 
| 152|0x0000000089800000, 0x0000000089800000, 0x0000000089900000|  0%| F|  |TAMS 0x0000000089800000| PB 0x0000000089800000| Untracked 
| 153|0x0000000089900000, 0x0000000089900000, 0x0000000089a00000|  0%| F|  |TAMS 0x0000000089900000| PB 0x0000000089900000| Untracked 
| 154|0x0000000089a00000, 0x0000000089a00000, 0x0000000089b00000|  0%| F|  |TAMS 0x0000000089a00000| PB 0x0000000089a00000| Untracked 
| 155|0x0000000089b00000, 0x0000000089b00000, 0x0000000089c00000|  0%| F|  |TAMS 0x0000000089b00000| PB 0x0000000089b00000| Untracked 
| 156|0x0000000089c00000, 0x0000000089c00000, 0x0000000089d00000|  0%| F|  |TAMS 0x0000000089c00000| PB 0x0000000089c00000| Untracked 
| 157|0x0000000089d00000, 0x0000000089d00000, 0x0000000089e00000|  0%| F|  |TAMS 0x0000000089d00000| PB 0x0000000089d00000| Untracked 
| 158|0x0000000089e00000, 0x0000000089e00000, 0x0000000089f00000|  0%| F|  |TAMS 0x0000000089e00000| PB 0x0000000089e00000| Untracked 
| 159|0x0000000089f00000, 0x0000000089f00000, 0x000000008a000000|  0%| F|  |TAMS 0x0000000089f00000| PB 0x0000000089f00000| Untracked 
| 160|0x000000008a000000, 0x000000008a000000, 0x000000008a100000|  0%| F|  |TAMS 0x000000008a000000| PB 0x000000008a000000| Untracked 
| 161|0x000000008a100000, 0x000000008a100000, 0x000000008a200000|  0%| F|  |TAMS 0x000000008a100000| PB 0x000000008a100000| Untracked 
| 162|0x000000008a200000, 0x000000008a300000, 0x000000008a300000|100%| S|CS|TAMS 0x000000008a200000| PB 0x000000008a200000| Complete 
| 163|0x000000008a300000, 0x000000008a400000, 0x000000008a400000|100%| S|CS|TAMS 0x000000008a300000| PB 0x000000008a300000| Complete 
| 164|0x000000008a400000, 0x000000008a500000, 0x000000008a500000|100%| S|CS|TAMS 0x000000008a400000| PB 0x000000008a400000| Complete 
| 165|0x000000008a500000, 0x000000008a600000, 0x000000008a600000|100%| S|CS|TAMS 0x000000008a500000| PB 0x000000008a500000| Complete 
| 166|0x000000008a600000, 0x000000008a700000, 0x000000008a700000|100%| S|CS|TAMS 0x000000008a600000| PB 0x000000008a600000| Complete 
| 167|0x000000008a700000, 0x000000008a800000, 0x000000008a800000|100%| S|CS|TAMS 0x000000008a700000| PB 0x000000008a700000| Complete 
| 168|0x000000008a800000, 0x000000008a900000, 0x000000008a900000|100%| S|CS|TAMS 0x000000008a800000| PB 0x000000008a800000| Complete 
| 169|0x000000008a900000, 0x000000008aa00000, 0x000000008aa00000|100%| S|CS|TAMS 0x000000008a900000| PB 0x000000008a900000| Complete 
| 170|0x000000008aa00000, 0x000000008ab00000, 0x000000008ab00000|100%| S|CS|TAMS 0x000000008aa00000| PB 0x000000008aa00000| Complete 
| 171|0x000000008ab00000, 0x000000008ab00000, 0x000000008ac00000|  0%| F|  |TAMS 0x000000008ab00000| PB 0x000000008ab00000| Untracked 
| 172|0x000000008ac00000, 0x000000008ac00000, 0x000000008ad00000|  0%| F|  |TAMS 0x000000008ac00000| PB 0x000000008ac00000| Untracked 
| 173|0x000000008ad00000, 0x000000008ad00000, 0x000000008ae00000|  0%| F|  |TAMS 0x000000008ad00000| PB 0x000000008ad00000| Untracked 
| 174|0x000000008ae00000, 0x000000008ae00000, 0x000000008af00000|  0%| F|  |TAMS 0x000000008ae00000| PB 0x000000008ae00000| Untracked 
| 175|0x000000008af00000, 0x000000008af00000, 0x000000008b000000|  0%| F|  |TAMS 0x000000008af00000| PB 0x000000008af00000| Untracked 
| 176|0x000000008b000000, 0x000000008b000000, 0x000000008b100000|  0%| F|  |TAMS 0x000000008b000000| PB 0x000000008b000000| Untracked 
| 177|0x000000008b100000, 0x000000008b100000, 0x000000008b200000|  0%| F|  |TAMS 0x000000008b100000| PB 0x000000008b100000| Untracked 
| 178|0x000000008b200000, 0x000000008b200000, 0x000000008b300000|  0%| F|  |TAMS 0x000000008b200000| PB 0x000000008b200000| Untracked 
| 179|0x000000008b300000, 0x000000008b300000, 0x000000008b400000|  0%| F|  |TAMS 0x000000008b300000| PB 0x000000008b300000| Untracked 
| 180|0x000000008b400000, 0x000000008b400000, 0x000000008b500000|  0%| F|  |TAMS 0x000000008b400000| PB 0x000000008b400000| Untracked 
| 181|0x000000008b500000, 0x000000008b500000, 0x000000008b600000|  0%| F|  |TAMS 0x000000008b500000| PB 0x000000008b500000| Untracked 
| 182|0x000000008b600000, 0x000000008b600000, 0x000000008b700000|  0%| F|  |TAMS 0x000000008b600000| PB 0x000000008b600000| Untracked 
| 183|0x000000008b700000, 0x000000008b700000, 0x000000008b800000|  0%| F|  |TAMS 0x000000008b700000| PB 0x000000008b700000| Untracked 
| 184|0x000000008b800000, 0x000000008b800000, 0x000000008b900000|  0%| F|  |TAMS 0x000000008b800000| PB 0x000000008b800000| Untracked 
| 185|0x000000008b900000, 0x000000008b900000, 0x000000008ba00000|  0%| F|  |TAMS 0x000000008b900000| PB 0x000000008b900000| Untracked 
| 186|0x000000008ba00000, 0x000000008ba00000, 0x000000008bb00000|  0%| F|  |TAMS 0x000000008ba00000| PB 0x000000008ba00000| Untracked 
| 187|0x000000008bb00000, 0x000000008bb00000, 0x000000008bc00000|  0%| F|  |TAMS 0x000000008bb00000| PB 0x000000008bb00000| Untracked 
| 188|0x000000008bc00000, 0x000000008bc00000, 0x000000008bd00000|  0%| F|  |TAMS 0x000000008bc00000| PB 0x000000008bc00000| Untracked 
| 189|0x000000008bd00000, 0x000000008bd00000, 0x000000008be00000|  0%| F|  |TAMS 0x000000008bd00000| PB 0x000000008bd00000| Untracked 
| 190|0x000000008be00000, 0x000000008be00000, 0x000000008bf00000|  0%| F|  |TAMS 0x000000008be00000| PB 0x000000008be00000| Untracked 
| 191|0x000000008bf00000, 0x000000008bf00000, 0x000000008c000000|  0%| F|  |TAMS 0x000000008bf00000| PB 0x000000008bf00000| Untracked 
| 192|0x000000008c000000, 0x000000008c100000, 0x000000008c100000|100%| E|  |TAMS 0x000000008c000000| PB 0x000000008c000000| Complete 
| 193|0x000000008c100000, 0x000000008c200000, 0x000000008c200000|100%| E|CS|TAMS 0x000000008c100000| PB 0x000000008c100000| Complete 
| 194|0x000000008c200000, 0x000000008c300000, 0x000000008c300000|100%| E|CS|TAMS 0x000000008c200000| PB 0x000000008c200000| Complete 
| 195|0x000000008c300000, 0x000000008c400000, 0x000000008c400000|100%| E|CS|TAMS 0x000000008c300000| PB 0x000000008c300000| Complete 
| 196|0x000000008c400000, 0x000000008c500000, 0x000000008c500000|100%| E|CS|TAMS 0x000000008c400000| PB 0x000000008c400000| Complete 
| 197|0x000000008c500000, 0x000000008c600000, 0x000000008c600000|100%| E|CS|TAMS 0x000000008c500000| PB 0x000000008c500000| Complete 
| 198|0x000000008c600000, 0x000000008c700000, 0x000000008c700000|100%| E|CS|TAMS 0x000000008c600000| PB 0x000000008c600000| Complete 
| 199|0x000000008c700000, 0x000000008c800000, 0x000000008c800000|100%| E|CS|TAMS 0x000000008c700000| PB 0x000000008c700000| Complete 
| 200|0x000000008c800000, 0x000000008c900000, 0x000000008c900000|100%| E|CS|TAMS 0x000000008c800000| PB 0x000000008c800000| Complete 
| 201|0x000000008c900000, 0x000000008ca00000, 0x000000008ca00000|100%| E|CS|TAMS 0x000000008c900000| PB 0x000000008c900000| Complete 
| 202|0x000000008ca00000, 0x000000008cb00000, 0x000000008cb00000|100%| E|CS|TAMS 0x000000008ca00000| PB 0x000000008ca00000| Complete 
| 203|0x000000008cb00000, 0x000000008cc00000, 0x000000008cc00000|100%| E|CS|TAMS 0x000000008cb00000| PB 0x000000008cb00000| Complete 
| 204|0x000000008cc00000, 0x000000008cd00000, 0x000000008cd00000|100%| E|CS|TAMS 0x000000008cc00000| PB 0x000000008cc00000| Complete 
| 205|0x000000008cd00000, 0x000000008ce00000, 0x000000008ce00000|100%| E|CS|TAMS 0x000000008cd00000| PB 0x000000008cd00000| Complete 
| 206|0x000000008ce00000, 0x000000008cf00000, 0x000000008cf00000|100%| E|CS|TAMS 0x000000008ce00000| PB 0x000000008ce00000| Complete 
| 207|0x000000008cf00000, 0x000000008d000000, 0x000000008d000000|100%| E|CS|TAMS 0x000000008cf00000| PB 0x000000008cf00000| Complete 
| 208|0x000000008d000000, 0x000000008d100000, 0x000000008d100000|100%| E|CS|TAMS 0x000000008d000000| PB 0x000000008d000000| Complete 
| 209|0x000000008d100000, 0x000000008d200000, 0x000000008d200000|100%| E|CS|TAMS 0x000000008d100000| PB 0x000000008d100000| Complete 
| 210|0x000000008d200000, 0x000000008d300000, 0x000000008d300000|100%| E|CS|TAMS 0x000000008d200000| PB 0x000000008d200000| Complete 
| 211|0x000000008d300000, 0x000000008d400000, 0x000000008d400000|100%| E|CS|TAMS 0x000000008d300000| PB 0x000000008d300000| Complete 
| 212|0x000000008d400000, 0x000000008d500000, 0x000000008d500000|100%| E|CS|TAMS 0x000000008d400000| PB 0x000000008d400000| Complete 
| 213|0x000000008d500000, 0x000000008d600000, 0x000000008d600000|100%| E|CS|TAMS 0x000000008d500000| PB 0x000000008d500000| Complete 
| 214|0x000000008d600000, 0x000000008d700000, 0x000000008d700000|100%| E|CS|TAMS 0x000000008d600000| PB 0x000000008d600000| Complete 
| 215|0x000000008d700000, 0x000000008d800000, 0x000000008d800000|100%| E|CS|TAMS 0x000000008d700000| PB 0x000000008d700000| Complete 
| 216|0x000000008d800000, 0x000000008d900000, 0x000000008d900000|100%| E|CS|TAMS 0x000000008d800000| PB 0x000000008d800000| Complete 
|2042|0x00000000ffa00000, 0x00000000ffb00000, 0x00000000ffb00000|100%| O|  |TAMS 0x00000000ffad9fc0| PB 0x00000000ffad9fc0| Updating 
|2043|0x00000000ffb00000, 0x00000000ffc00000, 0x00000000ffc00000|100%| O|  |TAMS 0x00000000ffc00000| PB 0x00000000ffc00000| Untracked 
|2044|0x00000000ffc00000, 0x00000000ffd00000, 0x00000000ffd00000|100%| O|  |TAMS 0x00000000ffd00000| PB 0x00000000ffd00000| Untracked 
|2045|0x00000000ffd00000, 0x00000000ffe00000, 0x00000000ffe00000|100%| O|  |TAMS 0x00000000ffe00000| PB 0x00000000ffe00000| Untracked 
|2046|0x00000000ffe00000, 0x00000000fff00000, 0x00000000fff00000|100%| O|  |TAMS 0x00000000fff00000| PB 0x00000000fff00000| Updating 
|2047|0x00000000fff00000, 0x0000000100000000, 0x0000000100000000|100%| E|CS|TAMS 0x00000000fff00000| PB 0x00000000fff00000| Complete 

Card table byte_map: [0x00000239c0da0000,0x00000239c11a0000] _byte_map_base: 0x00000239c09a0000

Marking Bits: (CMBitMap*) 0x00000239a7108510
 Bits: [0x00000239c11a0000, 0x00000239c31a0000)

Polling page: 0x00000239a6ef0000

Metaspace:

Usage:
  Non-class:    118.79 MB used.
      Class:     17.60 MB used.
       Both:    136.39 MB used.

Virtual space:
  Non-class space:      128.00 MB reserved,     120.12 MB ( 94%) committed,  2 nodes.
      Class space:        1.00 GB reserved,      18.88 MB (  2%) committed,  1 nodes.
             Both:        1.12 GB reserved,     139.00 MB ( 12%) committed. 

Chunk freelists:
   Non-Class:  7.92 MB
       Class:  13.08 MB
        Both:  21.00 MB

MaxMetaspaceSize: unlimited
CompressedClassSpaceSize: 1.00 GB
Initial GC threshold: 21.00 MB
Current GC threshold: 220.00 MB
CDS: on
 - commit_granule_bytes: 65536.
 - commit_granule_words: 8192.
 - virtual_space_node_default_size: 8388608.
 - enlarge_chunks_in_place: 1.
 - use_allocation_guard: 0.


Internal statistics:

num_allocs_failed_limit: 12.
num_arena_births: 4832.
num_arena_deaths: 0.
num_vsnodes_births: 3.
num_vsnodes_deaths: 0.
num_space_committed: 2222.
num_space_uncommitted: 0.
num_chunks_returned_to_freelist: 12.
num_chunks_taken_from_freelist: 10853.
num_chunk_merges: 12.
num_chunk_splits: 7516.
num_chunks_enlarged: 5086.
num_inconsistent_stats: 0.

CodeHeap 'non-profiled nmethods': size=120000Kb used=6472Kb max_used=6635Kb free=113527Kb
 bounds [0x00000239b87e0000, 0x00000239b8e60000, 0x00000239bfd10000]
CodeHeap 'profiled nmethods': size=120000Kb used=22896Kb max_used=23567Kb free=97103Kb
 bounds [0x00000239b0d10000, 0x00000239b2420000, 0x00000239b8240000]
CodeHeap 'non-nmethods': size=5760Kb used=3114Kb max_used=3155Kb free=2645Kb
 bounds [0x00000239b8240000, 0x00000239b8560000, 0x00000239b87e0000]
 total_blobs=13203 nmethods=12049 adapters=1057
 compilation: enabled
              stopped_count=0, restarted_count=0
 full_count=0

Compilation events (20 events):
Event: 33.861 Thread 0x00000239c5e69f30 14469       2       org.jetbrains.kotlin.types.checker.ClassicTypeSystemContext$DefaultImpls::isMarkedNullable (75 bytes)
Event: 33.862 Thread 0x00000239c5e69f30 nmethod 14469 0x00000239b240d810 code [0x00000239b240db40, 0x00000239b240e528]
Event: 33.862 Thread 0x00000239c5e69f30 14470       2       org.jetbrains.kotlin.types.TypeSubstitutor::create (17 bytes)
Event: 33.862 Thread 0x00000239c5e69f30 nmethod 14470 0x00000239b240eb90 code [0x00000239b240ed40, 0x00000239b240ef38]
Event: 33.862 Thread 0x00000239c5e69f30 14471       2       org.jetbrains.kotlin.types.TypeSubstitutor::<init> (19 bytes)
Event: 33.863 Thread 0x00000239c5e69f30 nmethod 14471 0x00000239b240f010 code [0x00000239b240f1c0, 0x00000239b240f350]
Event: 33.863 Thread 0x00000239c5e69f30 14472       2       org.jetbrains.kotlin.builtins.KotlinBuiltIns::isTypeConstructorForGivenClass (46 bytes)
Event: 33.863 Thread 0x00000239c5e69f30 nmethod 14472 0x00000239b240f410 code [0x00000239b240f5e0, 0x00000239b240f7f0]
Event: 33.863 Thread 0x00000239c5e69f30 14473       2       org.jetbrains.kotlin.types.TypeCheckerState::prepareType (15 bytes)
Event: 33.864 Thread 0x00000239c5e69f30 nmethod 14473 0x00000239b240f910 code [0x00000239b240fb00, 0x00000239b240fe08]
Event: 33.872 Thread 0x00000239c5e65c70 nmethod 14390 0x00000239b8e59090 code [0x00000239b8e59380, 0x00000239b8e5a1f8]
Event: 33.872 Thread 0x00000239c5e65c70 14403       4       org.jetbrains.kotlin.metadata.ProtoBuf$Type::writeTo (354 bytes)
Event: 33.875 Thread 0x00000239c5e69f30 14474       2       org.jetbrains.kotlin.types.AbstractTypeConstructor::getSupertypes (16 bytes)
Event: 33.876 Thread 0x00000239c5e69f30 nmethod 14474 0x00000239b2410010 code [0x00000239b24101c0, 0x00000239b2410338]
Event: 33.877 Thread 0x00000239c5e69f30 14475       2       org.jetbrains.kotlin.incremental.UtilsKt::record (118 bytes)
Event: 33.879 Thread 0x00000239c5e69f30 nmethod 14475 0x00000239b2410410 code [0x00000239b24108c0, 0x00000239b2411c18]
Event: 33.880 Thread 0x00000239c5e69f30 14476       2       org.jetbrains.kotlin.descriptors.impl.FunctionDescriptorImpl::getKind (14 bytes)
Event: 33.881 Thread 0x00000239c5e69f30 nmethod 14476 0x00000239b2412990 code [0x00000239b2412b40, 0x00000239b2412c80]
Event: 33.898 Thread 0x00000239c5e69f30 14477       3       org.jetbrains.kotlin.it.unimi.dsi.fastutil.objects.ObjectOpenHashSet::addOrGet (137 bytes)
Event: 33.899 Thread 0x00000239c5e69f30 nmethod 14477 0x00000239b2412d10 code [0x00000239b2412f60, 0x00000239b2413908]

GC Heap History (20 events):
Event: 23.899 GC heap before
{Heap before GC invocations=33 (full 0):
 garbage-first heap   total 184320K, used 156542K [0x0000000080000000, 0x0000000100000000)
  region size 1024K, 69 young (70656K), 10 survivors (10240K)
 Metaspace       used 118521K, committed 120896K, reserved 1179648K
  class space    used 15399K, committed 16576K, reserved 1048576K
}
Event: 23.909 GC heap after
{Heap after GC invocations=34 (full 0):
 garbage-first heap   total 184320K, used 98646K [0x0000000080000000, 0x0000000100000000)
  region size 1024K, 4 young (4096K), 4 survivors (4096K)
 Metaspace       used 118521K, committed 120896K, reserved 1179648K
  class space    used 15399K, committed 16576K, reserved 1048576K
}
Event: 24.285 GC heap before
{Heap before GC invocations=34 (full 0):
 garbage-first heap   total 184320K, used 166230K [0x0000000080000000, 0x0000000100000000)
  region size 1024K, 71 young (72704K), 4 survivors (4096K)
 Metaspace       used 118536K, committed 120960K, reserved 1179648K
  class space    used 15399K, committed 16576K, reserved 1048576K
}
Event: 24.291 GC heap after
{Heap after GC invocations=35 (full 0):
 garbage-first heap   total 184320K, used 99092K [0x0000000080000000, 0x0000000100000000)
  region size 1024K, 5 young (5120K), 5 survivors (5120K)
 Metaspace       used 118536K, committed 120960K, reserved 1179648K
  class space    used 15399K, committed 16576K, reserved 1048576K
}
Event: 24.443 GC heap before
{Heap before GC invocations=35 (full 0):
 garbage-first heap   total 184320K, used 122644K [0x0000000080000000, 0x0000000100000000)
  region size 1024K, 30 young (30720K), 5 survivors (5120K)
 Metaspace       used 118601K, committed 120960K, reserved 1179648K
  class space    used 15405K, committed 16576K, reserved 1048576K
}
Event: 24.449 GC heap after
{Heap after GC invocations=36 (full 0):
 garbage-first heap   total 221184K, used 99852K [0x0000000080000000, 0x0000000100000000)
  region size 1024K, 6 young (6144K), 6 survivors (6144K)
 Metaspace       used 118601K, committed 120960K, reserved 1179648K
  class space    used 15405K, committed 16576K, reserved 1048576K
}
Event: 24.470 GC heap before
{Heap before GC invocations=36 (full 0):
 garbage-first heap   total 221184K, used 100876K [0x0000000080000000, 0x0000000100000000)
  region size 1024K, 7 young (7168K), 6 survivors (6144K)
 Metaspace       used 118601K, committed 120960K, reserved 1179648K
  class space    used 15405K, committed 16576K, reserved 1048576K
}
Event: 24.475 GC heap after
{Heap after GC invocations=37 (full 0):
 garbage-first heap   total 221184K, used 101120K [0x0000000080000000, 0x0000000100000000)
  region size 1024K, 6 young (6144K), 6 survivors (6144K)
 Metaspace       used 118601K, committed 120960K, reserved 1179648K
  class space    used 15405K, committed 16576K, reserved 1048576K
}
Event: 27.041 GC heap before
{Heap before GC invocations=38 (full 0):
 garbage-first heap   total 221184K, used 209664K [0x0000000080000000, 0x0000000100000000)
  region size 1024K, 102 young (104448K), 6 survivors (6144K)
 Metaspace       used 126926K, committed 129536K, reserved 1179648K
  class space    used 16392K, committed 17664K, reserved 1048576K
}
Event: 27.053 GC heap after
{Heap after GC invocations=39 (full 0):
 garbage-first heap   total 226304K, used 119866K [0x0000000080000000, 0x0000000100000000)
  region size 1024K, 13 young (13312K), 13 survivors (13312K)
 Metaspace       used 126926K, committed 129536K, reserved 1179648K
  class space    used 16392K, committed 17664K, reserved 1048576K
}
Event: 28.232 GC heap before
{Heap before GC invocations=39 (full 0):
 garbage-first heap   total 226304K, used 203834K [0x0000000080000000, 0x0000000100000000)
  region size 1024K, 91 young (93184K), 13 survivors (13312K)
 Metaspace       used 132169K, committed 134720K, reserved 1179648K
  class space    used 17039K, committed 18304K, reserved 1048576K
}
Event: 28.251 GC heap after
{Heap after GC invocations=40 (full 0):
 garbage-first heap   total 226304K, used 123679K [0x0000000080000000, 0x0000000100000000)
  region size 1024K, 7 young (7168K), 7 survivors (7168K)
 Metaspace       used 132169K, committed 134720K, reserved 1179648K
  class space    used 17039K, committed 18304K, reserved 1048576K
}
Event: 28.349 GC heap before
{Heap before GC invocations=40 (full 0):
 garbage-first heap   total 226304K, used 126751K [0x0000000080000000, 0x0000000100000000)
  region size 1024K, 11 young (11264K), 7 survivors (7168K)
 Metaspace       used 132411K, committed 134976K, reserved 1179648K
  class space    used 17089K, committed 18368K, reserved 1048576K
}
Event: 28.358 GC heap after
{Heap after GC invocations=41 (full 0):
 garbage-first heap   total 226304K, used 124948K [0x0000000080000000, 0x0000000100000000)
  region size 1024K, 2 young (2048K), 2 survivors (2048K)
 Metaspace       used 132411K, committed 134976K, reserved 1179648K
  class space    used 17089K, committed 18368K, reserved 1048576K
}
Event: 30.996 GC heap before
{Heap before GC invocations=42 (full 0):
 garbage-first heap   total 226304K, used 214036K [0x0000000080000000, 0x0000000100000000)
  region size 1024K, 84 young (86016K), 2 survivors (2048K)
 Metaspace       used 138857K, committed 141504K, reserved 1179648K
  class space    used 17956K, committed 19264K, reserved 1048576K
}
Event: 31.010 GC heap after
{Heap after GC invocations=43 (full 0):
 garbage-first heap   total 226304K, used 132914K [0x0000000080000000, 0x0000000100000000)
  region size 1024K, 5 young (5120K), 5 survivors (5120K)
 Metaspace       used 138857K, committed 141504K, reserved 1179648K
  class space    used 17956K, committed 19264K, reserved 1048576K
}
Event: 32.343 GC heap before
{Heap before GC invocations=43 (full 0):
 garbage-first heap   total 226304K, used 207666K [0x0000000080000000, 0x0000000100000000)
  region size 1024K, 78 young (79872K), 5 survivors (5120K)
 Metaspace       used 139348K, committed 142016K, reserved 1179648K
  class space    used 18004K, committed 19328K, reserved 1048576K
}
Event: 32.402 GC heap after
{Heap after GC invocations=44 (full 0):
 garbage-first heap   total 228352K, used 143207K [0x0000000080000000, 0x0000000100000000)
  region size 1024K, 10 young (10240K), 10 survivors (10240K)
 Metaspace       used 139348K, committed 142016K, reserved 1179648K
  class space    used 18004K, committed 19328K, reserved 1048576K
}
Event: 33.480 GC heap before
{Heap before GC invocations=44 (full 0):
 garbage-first heap   total 228352K, used 190311K [0x0000000080000000, 0x0000000100000000)
  region size 1024K, 57 young (58368K), 10 survivors (10240K)
 Metaspace       used 139591K, committed 142272K, reserved 1179648K
  class space    used 18012K, committed 19328K, reserved 1048576K
}
Event: 33.527 GC heap after
{Heap after GC invocations=45 (full 0):
 garbage-first heap   total 228352K, used 156286K [0x0000000080000000, 0x0000000100000000)
  region size 1024K, 9 young (9216K), 9 survivors (9216K)
 Metaspace       used 139591K, committed 142272K, reserved 1179648K
  class space    used 18012K, committed 19328K, reserved 1048576K
}

Dll operation events (15 events):
Event: 0.013 Loaded shared library C:\Program Files\Java\jdk-21\bin\java.dll
Event: 0.059 Loaded shared library C:\Program Files\Java\jdk-21\bin\jsvml.dll
Event: 0.123 Loaded shared library C:\Program Files\Java\jdk-21\bin\zip.dll
Event: 0.128 Loaded shared library C:\Program Files\Java\jdk-21\bin\instrument.dll
Event: 0.138 Loaded shared library C:\Program Files\Java\jdk-21\bin\net.dll
Event: 0.142 Loaded shared library C:\Program Files\Java\jdk-21\bin\nio.dll
Event: 0.146 Loaded shared library C:\Program Files\Java\jdk-21\bin\zip.dll
Event: 0.565 Loaded shared library C:\Program Files\Java\jdk-21\bin\jimage.dll
Event: 0.769 Loaded shared library C:\Program Files\Java\jdk-21\bin\verify.dll
Event: 0.884 Loaded shared library C:\Users\Admin\.gradle\native\1def1411415f61bf3af743bc5b6707747c0891f09f0c88961ee8f79bc544acac\windows-amd64\native-platform.dll
Event: 0.900 Loaded shared library C:\Users\Admin\.gradle\native\0.2.7\x86_64-windows-gnu\gradle-fileevents.dll
Event: 2.194 Loaded shared library C:\Program Files\Java\jdk-21\bin\management.dll
Event: 2.201 Loaded shared library C:\Program Files\Java\jdk-21\bin\management_ext.dll
Event: 2.394 Loaded shared library C:\Program Files\Java\jdk-21\bin\extnet.dll
Event: 2.778 Loaded shared library C:\Program Files\Java\jdk-21\bin\sunmscapi.dll

Deoptimization events (20 events):
Event: 33.554 Thread 0x0000023a0cb2cfd0 DEOPT PACKING pc=0x00000239b19a69aa sp=0x0000004a47cf31b0
Event: 33.554 Thread 0x0000023a0cb2cfd0 DEOPT UNPACKING pc=0x00000239b8294e42 sp=0x0000004a47cf2688 mode 0
Event: 33.608 Thread 0x0000023a0cb2cfd0 DEOPT PACKING pc=0x00000239b19a69aa sp=0x0000004a47cf31b0
Event: 33.608 Thread 0x0000023a0cb2cfd0 DEOPT UNPACKING pc=0x00000239b8294e42 sp=0x0000004a47cf2688 mode 0
Event: 33.625 Thread 0x0000023a0cb2cfd0 DEOPT PACKING pc=0x00000239b19a69aa sp=0x0000004a47cf31b0
Event: 33.625 Thread 0x0000023a0cb2cfd0 DEOPT UNPACKING pc=0x00000239b8294e42 sp=0x0000004a47cf2688 mode 0
Event: 33.633 Thread 0x0000023a0cb2cfd0 DEOPT PACKING pc=0x00000239b19a69aa sp=0x0000004a47cf31b0
Event: 33.634 Thread 0x0000023a0cb2cfd0 DEOPT UNPACKING pc=0x00000239b8294e42 sp=0x0000004a47cf2688 mode 0
Event: 33.636 Thread 0x0000023a0cb2cfd0 DEOPT PACKING pc=0x00000239b19a69aa sp=0x0000004a47cf31b0
Event: 33.637 Thread 0x0000023a0cb2cfd0 DEOPT UNPACKING pc=0x00000239b8294e42 sp=0x0000004a47cf2688 mode 0
Event: 33.734 Thread 0x0000023a0cb2cfd0 DEOPT PACKING pc=0x00000239b19d64e9 sp=0x0000004a47cf2530
Event: 33.734 Thread 0x0000023a0cb2cfd0 DEOPT UNPACKING pc=0x00000239b8294e42 sp=0x0000004a47cf1ac0 mode 0
Event: 33.752 Thread 0x0000023a0cb2cfd0 Uncommon trap: trap_request=0xffffffde fr.pc=0x00000239b8b52ec4 relative=0x0000000000001984
Event: 33.752 Thread 0x0000023a0cb2cfd0 Uncommon trap: reason=class_check action=maybe_recompile pc=0x00000239b8b52ec4 method=org.jetbrains.org.objectweb.asm.ClassReader.readElementValue(Lorg/jetbrains/org/objectweb/asm/AnnotationVisitor;ILjava/lang/String;[C)I @ 398 c2
Event: 33.752 Thread 0x0000023a0cb2cfd0 DEOPT PACKING pc=0x00000239b8b52ec4 sp=0x0000004a47cf27e0
Event: 33.752 Thread 0x0000023a0cb2cfd0 DEOPT UNPACKING pc=0x00000239b82946a2 sp=0x0000004a47cf2750 mode 2
Event: 33.752 Thread 0x0000023a0cb2cfd0 Uncommon trap: trap_request=0xffffffde fr.pc=0x00000239b8b52ec4 relative=0x0000000000001984
Event: 33.752 Thread 0x0000023a0cb2cfd0 Uncommon trap: reason=class_check action=maybe_recompile pc=0x00000239b8b52ec4 method=org.jetbrains.org.objectweb.asm.ClassReader.readElementValue(Lorg/jetbrains/org/objectweb/asm/AnnotationVisitor;ILjava/lang/String;[C)I @ 398 c2
Event: 33.752 Thread 0x0000023a0cb2cfd0 DEOPT PACKING pc=0x00000239b8b52ec4 sp=0x0000004a47cf27e0
Event: 33.752 Thread 0x0000023a0cb2cfd0 DEOPT UNPACKING pc=0x00000239b82946a2 sp=0x0000004a47cf2750 mode 2

Classes loaded (20 events):
Event: 29.066 Loading class javax/management/NotificationFilter
Event: 29.066 Loading class javax/management/NotificationFilter done
Event: 29.066 Loading class javax/management/ListenerNotFoundException
Event: 29.066 Loading class javax/management/OperationsException
Event: 29.066 Loading class javax/management/JMException
Event: 29.066 Loading class javax/management/JMException done
Event: 29.066 Loading class javax/management/OperationsException done
Event: 29.066 Loading class javax/management/ListenerNotFoundException done
Event: 29.066 Loading class jdk/jfr/Recording
Event: 29.067 Loading class jdk/jfr/Recording done
Event: 29.067 Loading class jdk/jfr/FlightRecorder
Event: 29.067 Loading class jdk/jfr/FlightRecorder done
Event: 29.067 Loading class jdk/management/jfr/FlightRecorderMXBeanImpl$MXBeanListener
Event: 29.068 Loading class jdk/jfr/FlightRecorderListener
Event: 29.068 Loading class jdk/jfr/FlightRecorderListener done
Event: 29.068 Loading class jdk/management/jfr/FlightRecorderMXBeanImpl$MXBeanListener done
Event: 29.114 Loading class com/sun/jmx/mbeanserver/StandardMBeanSupport
Event: 29.115 Loading class com/sun/jmx/mbeanserver/StandardMBeanSupport done
Event: 29.115 Loading class com/sun/jmx/mbeanserver/StandardMBeanIntrospector
Event: 29.115 Loading class com/sun/jmx/mbeanserver/StandardMBeanIntrospector done

Classes unloaded (0 events):
No events

Classes redefined (0 events):
No events

Internal exceptions (20 events):
Event: 30.409 Thread 0x0000023a0cb2cfd0 Exception <a 'java/lang/NoSuchMethodError'{0x0000000089919af0}: 'java.lang.Object java.lang.invoke.DirectMethodHandle$Holder.invokeSpecial(java.lang.Object, java.lang.Object, java.lang.Object, java.lang.Object, java.lang.Object, java.lang.Object, java.lang.Object, java.lang.Object, java.lang.Object, java.lang.Object, java.lang.Object, java.lang.Object, java.lang.Object, java.lang.Object, java.lang.Object, java.lang.Object, java.lang.Object, java.lang.Object, java.lang.Object, java.lang.Object, java.lang.Ob
Event: 30.410 Thread 0x0000023a0cb2cfd0 Exception <a 'java/lang/NoSuchMethodError'{0x00000000899205d8}: 'java.lang.Object java.lang.invoke.DelegatingMethodHandle$Holder.reinvoke_L(java.lang.Object, java.lang.Object, java.lang.Object, java.lang.Object, java.lang.Object, java.lang.Object, java.lang.Object, java.lang.Object, java.lang.Object, java.lang.Object, java.lang.Object, java.lang.Object, java.lang.Object, java.lang.Object, java.lang.Object, java.lang.Object, java.lang.Object, java.lang.Object, java.lang.Object, java.lang.Object, java.lang.O
Event: 30.616 Thread 0x0000023a0cb2cfd0 Exception <a 'java/lang/ClassNotFoundException'{0x0000000089483478}: org/jetbrains/kotlin/gradle/targets/js/npm/DefaultNpmDependencyExtensionBeanInfo> (0x0000000089483478) 
thrown [s\open\src\hotspot\share\classfile\systemDictionary.cpp, line 312]
Event: 30.617 Thread 0x0000023a0cb2cfd0 Exception <a 'java/lang/ClassNotFoundException'{0x00000000894917e8}: org/jetbrains/kotlin/gradle/targets/js/npm/DefaultNpmDependencyExtensionCustomizer> (0x00000000894917e8) 
thrown [s\open\src\hotspot\share\classfile\systemDictionary.cpp, line 312]
Event: 30.636 Thread 0x0000023a0cb2cfd0 Exception <a 'java/lang/ClassNotFoundException'{0x000000008932d9e0}: org/jetbrains/kotlin/gradle/targets/js/npm/NpmDependencyExtensionKt$defaultNpmDependencyDelegate$1BeanInfo> (0x000000008932d9e0) 
thrown [s\open\src\hotspot\share\classfile\systemDictionary.cpp, line 312]
Event: 30.637 Thread 0x0000023a0cb2cfd0 Exception <a 'java/lang/ClassNotFoundException'{0x000000008933c5a0}: org/jetbrains/kotlin/gradle/targets/js/npm/NpmDependencyExtensionDelegateBeanInfo> (0x000000008933c5a0) 
thrown [s\open\src\hotspot\share\classfile\systemDictionary.cpp, line 312]
Event: 30.638 Thread 0x0000023a0cb2cfd0 Exception <a 'java/lang/ClassNotFoundException'{0x000000008934abf0}: org/jetbrains/kotlin/gradle/targets/js/npm/NpmDependencyExtensionDelegateCustomizer> (0x000000008934abf0) 
thrown [s\open\src\hotspot\share\classfile\systemDictionary.cpp, line 312]
Event: 30.642 Thread 0x0000023a0cb2cfd0 Exception <a 'java/lang/ClassNotFoundException'{0x000000008937bc20}: org/jetbrains/kotlin/gradle/targets/js/npm/NpmDependencyExtensionKt$defaultNpmDependencyDelegate$1Customizer> (0x000000008937bc20) 
thrown [s\open\src\hotspot\share\classfile\systemDictionary.cpp, line 312]
Event: 30.650 Thread 0x0000023a0cb2cfd0 Exception <a 'java/lang/ClassNotFoundException'{0x00000000893c2128}: org/jetbrains/kotlin/gradle/targets/js/npm/DefaultDevNpmDependencyExtensionBeanInfo> (0x00000000893c2128) 
thrown [s\open\src\hotspot\share\classfile\systemDictionary.cpp, line 312]
Event: 30.651 Thread 0x0000023a0cb2cfd0 Exception <a 'java/lang/ClassNotFoundException'{0x00000000893d04e0}: org/jetbrains/kotlin/gradle/targets/js/npm/DefaultDevNpmDependencyExtensionCustomizer> (0x00000000893d04e0) 
thrown [s\open\src\hotspot\share\classfile\systemDictionary.cpp, line 312]
Event: 30.659 Thread 0x0000023a0cb2cfd0 Exception <a 'java/lang/ClassNotFoundException'{0x000000008921f810}: org/jetbrains/kotlin/gradle/targets/js/npm/DefaultPeerNpmDependencyExtensionBeanInfo> (0x000000008921f810) 
thrown [s\open\src\hotspot\share\classfile\systemDictionary.cpp, line 312]
Event: 30.659 Thread 0x0000023a0cb2cfd0 Exception <a 'java/lang/ClassNotFoundException'{0x000000008922dbf0}: org/jetbrains/kotlin/gradle/targets/js/npm/DefaultPeerNpmDependencyExtensionCustomizer> (0x000000008922dbf0) 
thrown [s\open\src\hotspot\share\classfile\systemDictionary.cpp, line 312]
Event: 30.663 Thread 0x0000023a0cb2cfd0 Exception <a 'java/lang/ClassNotFoundException'{0x000000008928a268}: org/jetbrains/kotlin/gradle/targets/js/npm/DefaultPeerNpmDependencyExtension$delegate$1BeanInfo> (0x000000008928a268) 
thrown [s\open\src\hotspot\share\classfile\systemDictionary.cpp, line 312]
Event: 30.664 Thread 0x0000023a0cb2cfd0 Exception <a 'java/lang/ClassNotFoundException'{0x00000000892988e8}: org/jetbrains/kotlin/gradle/targets/js/npm/DefaultPeerNpmDependencyExtension$delegate$1Customizer> (0x00000000892988e8) 
thrown [s\open\src\hotspot\share\classfile\systemDictionary.cpp, line 312]
Event: 30.682 Thread 0x0000023a0cb2cfd0 Exception <a 'java/lang/NoSuchMethodError'{0x000000008914cdc8}: static Lorg/jetbrains/kotlin/gradle/plugin/internal/DefaultIdeaSyncDetector$createIdeaPropertiesEvaluator$1;.<clinit>()V> (0x000000008914cdc8) 
thrown [s\open\src\hotspot\share\prims\jni.cpp, line 1111]
Event: 30.933 Thread 0x0000023a0cb6b180 Implicit null exception at 0x00000239b8bd708b to 0x00000239b8bd714c
Event: 30.934 Thread 0x0000023a0cb6b180 Implicit null exception at 0x00000239b8d52b8e to 0x00000239b8d53340
Event: 31.862 Thread 0x0000023a0cb2cfd0 Exception <a 'sun/nio/fs/WindowsException'{0x000000008b5d76e8}> (0x000000008b5d76e8) 
thrown [s\open\src\hotspot\share\prims\jni.cpp, line 520]
Event: 31.862 Thread 0x0000023a0cb2cfd0 Exception <a 'sun/nio/fs/WindowsException'{0x000000008b5d9498}> (0x000000008b5d9498) 
thrown [s\open\src\hotspot\share\prims\jni.cpp, line 520]
Event: 33.430 Thread 0x0000023a0cb2cfd0 Exception <a 'java/lang/NoSuchMethodError'{0x000000008ac85078}: 'java.lang.Object java.lang.invoke.DirectMethodHandle$Holder.invokeStatic(java.lang.Object, java.lang.Object, java.lang.Object, java.lang.Object, java.lang.Object, int, java.lang.Object)'> (0x000000008ac85078) 
thrown [s\open\src\hotspot\share\interpreter\linkResolver.cpp, line 773]

ZGC Phase Switch (0 events):
No events

VM Operations (20 events):
Event: 29.181 Executing VM operation: HandshakeAllThreads (Deoptimize) done
Event: 29.197 Executing VM operation: HandshakeAllThreads (Deoptimize)
Event: 29.199 Executing VM operation: HandshakeAllThreads (Deoptimize) done
Event: 29.444 Executing VM operation: HandshakeAllThreads (Deoptimize)
Event: 29.444 Executing VM operation: HandshakeAllThreads (Deoptimize) done
Event: 29.876 Executing VM operation: ICBufferFull
Event: 29.877 Executing VM operation: ICBufferFull done
Event: 30.884 Executing VM operation: Cleanup
Event: 30.885 Executing VM operation: Cleanup done
Event: 30.994 Executing VM operation: G1CollectForAllocation (G1 Evacuation Pause)
Event: 31.010 Executing VM operation: G1CollectForAllocation (G1 Evacuation Pause) done
Event: 31.790 Executing VM operation: ICBufferFull
Event: 31.790 Executing VM operation: ICBufferFull done
Event: 32.343 Executing VM operation: G1CollectForAllocation (G1 Evacuation Pause)
Event: 32.402 Executing VM operation: G1CollectForAllocation (G1 Evacuation Pause) done
Event: 33.405 Executing VM operation: Cleanup
Event: 33.407 Executing VM operation: Cleanup done
Event: 33.478 Executing VM operation: G1TryInitiateConcMark (G1 Humongous Allocation)
Event: 33.527 Executing VM operation: G1TryInitiateConcMark (G1 Humongous Allocation) done
Event: 33.899 Executing VM operation: G1PauseRemark

Events (20 events):
Event: 33.931 Thread 0x00000239c5e3c150 flushing nmethod 0x00000239b0f1bd10
Event: 33.931 Thread 0x00000239c5e3c150 flushing nmethod 0x00000239b102fc10
Event: 33.931 Thread 0x00000239c5e3c150 flushing nmethod 0x00000239b10bad10
Event: 33.931 Thread 0x00000239c5e3c150 flushing nmethod 0x00000239b10c4510
Event: 33.931 Thread 0x00000239c5e3c150 flushing nmethod 0x00000239b1314190
Event: 33.931 Thread 0x00000239c5e3c150 flushing nmethod 0x00000239b1317190
Event: 33.931 Thread 0x00000239c5e3c150 flushing nmethod 0x00000239b135be10
Event: 33.931 Thread 0x00000239c5e3c150 flushing nmethod 0x00000239b13efa90
Event: 33.931 Thread 0x00000239c5e3c150 flushing nmethod 0x00000239b1450910
Event: 33.931 Thread 0x00000239c5e3c150 flushing nmethod 0x00000239b1483310
Event: 33.932 Thread 0x00000239c5e3c150 flushing nmethod 0x00000239b154a610
Event: 33.932 Thread 0x00000239c5e3c150 flushing nmethod 0x00000239b154a990
Event: 33.932 Thread 0x00000239c5e3c150 flushing nmethod 0x00000239b154d710
Event: 33.932 Thread 0x00000239c5e3c150 flushing nmethod 0x00000239b154db10
Event: 33.932 Thread 0x00000239c5e3c150 flushing nmethod 0x00000239b154ee10
Event: 33.932 Thread 0x00000239c5e3c150 flushing nmethod 0x00000239b1557090
Event: 33.932 Thread 0x00000239c5e3c150 flushing nmethod 0x00000239b176ec10
Event: 33.932 Thread 0x00000239c5e3c150 flushing nmethod 0x00000239b1770d90
Event: 33.932 Thread 0x00000239c5e3c150 flushing nmethod 0x00000239b1ca4410
Event: 33.932 Thread 0x00000239c5e3c150 flushing nmethod 0x00000239b1db3810


Dynamic libraries:
0x00007ff6577c0000 - 0x00007ff6577d0000 	C:\Program Files\Java\jdk-21\bin\java.exe
0x00007ffc466d0000 - 0x00007ffc468c8000 	C:\WINDOWS\SYSTEM32\ntdll.dll
0x00007ffc446f0000 - 0x00007ffc447b2000 	C:\WINDOWS\System32\KERNEL32.DLL
0x00007ffc44370000 - 0x00007ffc44666000 	C:\WINDOWS\System32\KERNELBASE.dll
0x00007ffc44070000 - 0x00007ffc44170000 	C:\WINDOWS\System32\ucrtbase.dll
0x00007ffbf55c0000 - 0x00007ffbf55db000 	C:\Program Files\Java\jdk-21\bin\VCRUNTIME140.dll
0x00007ffbf4df0000 - 0x00007ffbf4e09000 	C:\Program Files\Java\jdk-21\bin\jli.dll
0x00007ffc45430000 - 0x00007ffc454e1000 	C:\WINDOWS\System32\ADVAPI32.dll
0x00007ffc45390000 - 0x00007ffc4542e000 	C:\WINDOWS\System32\msvcrt.dll
0x00007ffc450f0000 - 0x00007ffc4518f000 	C:\WINDOWS\System32\sechost.dll
0x00007ffc45270000 - 0x00007ffc45390000 	C:\WINDOWS\System32\RPCRT4.dll
0x00007ffc44670000 - 0x00007ffc44697000 	C:\WINDOWS\System32\bcrypt.dll
0x00007ffc46080000 - 0x00007ffc46221000 	C:\WINDOWS\System32\USER32.dll
0x00007ffc44040000 - 0x00007ffc44062000 	C:\WINDOWS\System32\win32u.dll
0x00007ffc31df0000 - 0x00007ffc3208b000 	C:\WINDOWS\WinSxS\amd64_microsoft.windows.common-controls_6595b64144ccf1df_6.0.19041.6456_none_60b8a6cb71f64256\COMCTL32.dll
0x00007ffc46230000 - 0x00007ffc4625b000 	C:\WINDOWS\System32\GDI32.dll
0x00007ffc43df0000 - 0x00007ffc43f09000 	C:\WINDOWS\System32\gdi32full.dll
0x00007ffc44170000 - 0x00007ffc4420d000 	C:\WINDOWS\System32\msvcp_win.dll
0x00007ffc3c680000 - 0x00007ffc3c68a000 	C:\WINDOWS\SYSTEM32\VERSION.dll
0x00007ffc46260000 - 0x00007ffc4628f000 	C:\WINDOWS\System32\IMM32.DLL
0x00007ffbfa3d0000 - 0x00007ffbfa3dc000 	C:\Program Files\Java\jdk-21\bin\vcruntime140_1.dll
0x00007ffbc6f50000 - 0x00007ffbc6fde000 	C:\Program Files\Java\jdk-21\bin\msvcp140.dll
0x00007ffb81e10000 - 0x00007ffb82b2d000 	C:\Program Files\Java\jdk-21\bin\server\jvm.dll
0x00007ffc454f0000 - 0x00007ffc4555b000 	C:\WINDOWS\System32\WS2_32.dll
0x00007ffc438d0000 - 0x00007ffc4391b000 	C:\WINDOWS\SYSTEM32\POWRPROF.dll
0x00007ffc37fb0000 - 0x00007ffc37fd7000 	C:\WINDOWS\SYSTEM32\WINMM.dll
0x00007ffc437c0000 - 0x00007ffc437d2000 	C:\WINDOWS\SYSTEM32\UMPDC.dll
0x00007ffc42530000 - 0x00007ffc42542000 	C:\WINDOWS\SYSTEM32\kernel.appcore.dll
0x00007ffbf82a0000 - 0x00007ffbf82aa000 	C:\Program Files\Java\jdk-21\bin\jimage.dll
0x00007ffc422f0000 - 0x00007ffc424f1000 	C:\WINDOWS\SYSTEM32\DBGHELP.DLL
0x00007ffc2e7b0000 - 0x00007ffc2e7e4000 	C:\WINDOWS\SYSTEM32\dbgcore.DLL
0x00007ffc43d60000 - 0x00007ffc43de2000 	C:\WINDOWS\System32\bcryptPrimitives.dll
0x00007ffbf7d30000 - 0x00007ffbf7d3f000 	C:\Program Files\Java\jdk-21\bin\instrument.dll
0x00007ffbf17b0000 - 0x00007ffbf17cf000 	C:\Program Files\Java\jdk-21\bin\java.dll
0x00007ffc45910000 - 0x00007ffc46080000 	C:\WINDOWS\System32\SHELL32.dll
0x00007ffc41b40000 - 0x00007ffc422e5000 	C:\WINDOWS\SYSTEM32\windows.storage.dll
0x00007ffc46290000 - 0x00007ffc465e4000 	C:\WINDOWS\System32\combase.dll
0x00007ffc43720000 - 0x00007ffc4374b000 	C:\WINDOWS\SYSTEM32\Wldp.dll
0x00007ffc44820000 - 0x00007ffc448ed000 	C:\WINDOWS\System32\OLEAUT32.dll
0x00007ffc45840000 - 0x00007ffc458ed000 	C:\WINDOWS\System32\SHCORE.dll
0x00007ffc44a70000 - 0x00007ffc44acb000 	C:\WINDOWS\System32\shlwapi.dll
0x00007ffc43c90000 - 0x00007ffc43cb4000 	C:\WINDOWS\SYSTEM32\profapi.dll
0x00007ffbb43f0000 - 0x00007ffbb44c7000 	C:\Program Files\Java\jdk-21\bin\jsvml.dll
0x00007ffbf1790000 - 0x00007ffbf17a8000 	C:\Program Files\Java\jdk-21\bin\zip.dll
0x00007ffbf78f0000 - 0x00007ffbf7900000 	C:\Program Files\Java\jdk-21\bin\net.dll
0x00007ffc3d2a0000 - 0x00007ffc3d3aa000 	C:\WINDOWS\SYSTEM32\WINHTTP.dll
0x00007ffc43460000 - 0x00007ffc434ca000 	C:\WINDOWS\system32\mswsock.dll
0x00007ffbf1080000 - 0x00007ffbf1096000 	C:\Program Files\Java\jdk-21\bin\nio.dll
0x00007ffbf6bf0000 - 0x00007ffbf6c00000 	C:\Program Files\Java\jdk-21\bin\verify.dll
0x00007ffbfebd0000 - 0x00007ffbfebf7000 	C:\Users\Admin\.gradle\native\1def1411415f61bf3af743bc5b6707747c0891f09f0c88961ee8f79bc544acac\windows-amd64\native-platform.dll
0x00007ffbf2090000 - 0x00007ffbf2108000 	C:\Users\Admin\.gradle\native\0.2.7\x86_64-windows-gnu\gradle-fileevents.dll
0x00007ffbf6400000 - 0x00007ffbf640a000 	C:\Program Files\Java\jdk-21\bin\management.dll
0x00007ffbf60e0000 - 0x00007ffbf60eb000 	C:\Program Files\Java\jdk-21\bin\management_ext.dll
0x00007ffc45830000 - 0x00007ffc45838000 	C:\WINDOWS\System32\PSAPI.DLL
0x00007ffc43130000 - 0x00007ffc4316b000 	C:\WINDOWS\SYSTEM32\IPHLPAPI.DLL
0x00007ffc45690000 - 0x00007ffc45698000 	C:\WINDOWS\System32\NSI.dll
0x00007ffbf5fc0000 - 0x00007ffbf5fc9000 	C:\Program Files\Java\jdk-21\bin\extnet.dll
0x00007ffc43680000 - 0x00007ffc43698000 	C:\WINDOWS\SYSTEM32\CRYPTSP.dll
0x00007ffc42cf0000 - 0x00007ffc42d28000 	C:\WINDOWS\system32\rsaenh.dll
0x00007ffc43c10000 - 0x00007ffc43c3e000 	C:\WINDOWS\SYSTEM32\USERENV.dll
0x00007ffc43670000 - 0x00007ffc4367c000 	C:\WINDOWS\SYSTEM32\CRYPTBASE.dll
0x00007ffbf56e0000 - 0x00007ffbf56ee000 	C:\Program Files\Java\jdk-21\bin\sunmscapi.dll
0x00007ffc44210000 - 0x00007ffc4436d000 	C:\WINDOWS\System32\CRYPT32.dll
0x00007ffc43790000 - 0x00007ffc437b7000 	C:\WINDOWS\SYSTEM32\ncrypt.dll
0x00007ffc43750000 - 0x00007ffc4378b000 	C:\WINDOWS\SYSTEM32\NTASN1.dll
0x00007ffc19c10000 - 0x00007ffc19c17000 	C:\WINDOWS\system32\wshunix.dll

dbghelp: loaded successfully - version: 4.0.5 - missing functions: none
symbol engine: initialized successfully - sym options: 0x614 - pdb path: .;C:\Program Files\Java\jdk-21\bin;C:\WINDOWS\SYSTEM32;C:\WINDOWS\WinSxS\amd64_microsoft.windows.common-controls_6595b64144ccf1df_6.0.19041.6456_none_60b8a6cb71f64256;C:\Program Files\Java\jdk-21\bin\server;C:\Users\Admin\.gradle\native\1def1411415f61bf3af743bc5b6707747c0891f09f0c88961ee8f79bc544acac\windows-amd64;C:\Users\Admin\.gradle\native\0.2.7\x86_64-windows-gnu

VM Arguments:
jvm_args: --add-opens=java.base/java.lang=ALL-UNNAMED --add-opens=java.base/java.lang.invoke=ALL-UNNAMED --add-opens=java.base/java.util=ALL-UNNAMED --add-opens=java.prefs/java.util.prefs=ALL-UNNAMED --add-exports=jdk.compiler/com.sun.tools.javac.api=ALL-UNNAMED --add-exports=jdk.compiler/com.sun.tools.javac.util=ALL-UNNAMED --add-opens=java.base/java.util=ALL-UNNAMED --add-opens=java.prefs/java.util.prefs=ALL-UNNAMED --add-opens=java.base/java.nio.charset=ALL-UNNAMED --add-opens=java.base/java.net=ALL-UNNAMED --add-opens=java.base/java.util.concurrent.atomic=ALL-UNNAMED --add-opens=java.xml/javax.xml.namespace=ALL-UNNAMED -Xmx2048m -Dfile.encoding=UTF-8 -Duser.country=US -Duser.language=en -Duser.variant -javaagent:C:\Users\Admin\.gradle\wrapper\dists\gradle-8.13-bin\5xuhj0ry160q40clulazy9h7d\gradle-8.13\lib\agents\gradle-instrumentation-agent-8.13.jar 
java_command: org.gradle.launcher.daemon.bootstrap.GradleDaemon 8.13
java_class_path (initial): C:\Users\Admin\.gradle\wrapper\dists\gradle-8.13-bin\5xuhj0ry160q40clulazy9h7d\gradle-8.13\lib\gradle-daemon-main-8.13.jar
Launcher Type: SUN_STANDARD

[Global flags]
     intx CICompilerCount                          = 4                                         {product} {ergonomic}
     uint ConcGCThreads                            = 3                                         {product} {ergonomic}
     uint G1ConcRefinementThreads                  = 10                                        {product} {ergonomic}
   size_t G1HeapRegionSize                         = 1048576                                   {product} {ergonomic}
    uintx GCDrainStackTargetSize                   = 64                                        {product} {ergonomic}
   size_t InitialHeapSize                          = 98566144                                  {product} {ergonomic}
   size_t MarkStackSize                            = 4194304                                   {product} {ergonomic}
   size_t MaxHeapSize                              = 2147483648                                {product} {command line}
   size_t MaxNewSize                               = 1287651328                                {product} {ergonomic}
   size_t MinHeapDeltaBytes                        = 1048576                                   {product} {ergonomic}
   size_t MinHeapSize                              = 8388608                                   {product} {ergonomic}
    uintx NonNMethodCodeHeapSize                   = 5839372                                {pd product} {ergonomic}
    uintx NonProfiledCodeHeapSize                  = 122909434                              {pd product} {ergonomic}
    uintx ProfiledCodeHeapSize                     = 122909434                              {pd product} {ergonomic}
    uintx ReservedCodeCacheSize                    = 251658240                              {pd product} {ergonomic}
     bool SegmentedCodeCache                       = true                                      {product} {ergonomic}
   size_t SoftMaxHeapSize                          = 2147483648                             {manageable} {ergonomic}
     bool UseCompressedOops                        = true                           {product lp64_product} {ergonomic}
     bool UseG1GC                                  = true                                      {product} {ergonomic}
     bool UseLargePagesIndividualAllocation        = false                                  {pd product} {ergonomic}

Logging:
Log output configuration:
 #0: stdout all=warning uptime,level,tags foldmultilines=false
 #1: stderr all=off uptime,level,tags foldmultilines=false

Environment Variables:
JAVA_HOME=C:\Program Files\Java\jdk-21
PATH=C:\Program Files\Common Files\Oracle\Java\javapath;C:\Program Files\Java\jdk-21\bin;C:\Windows\system32;C:\Windows;C:\Windows\System32\Wbem;C:\Windows\System32\WindowsPowerShell\v1.0\;C:\Windows\System32\OpenSSH\;C:\Program Files (x86)\NVIDIA Corporation\PhysX\Common;C:\Program Files\NVIDIA Corporation\NVIDIA NvDLISR;C:\TDM-GCC-64\bin;C:\Program Files\Microsoft SQL Server\120\Tools\Binn\;C:\Program Files\Microsoft SQL Server\Client SDK\ODBC\110\Tools\Binn\;C:\Program Files (x86)\Microsoft SQL Server\120\Tools\Binn\;C:\Program Files\Microsoft SQL Server\120\DTS\Binn\;C:\Program Files (x86)\Microsoft SQL Server\120\Tools\Binn\ManagementStudio\;C:\Program Files (x86)\Microsoft SQL Server\120\DTS\Binn\;C:\Program Files\Git\cmd;C:\Users\Admin\AppData\Local\nvm;C:\nvm4w\nodejs;C:\ProgramData\chocolatey\bin;C:\Program Files\Docker\Docker\resources\bin;C:\WINDOWS\system32;C:\WINDOWS;C:\WINDOWS\System32\Wbem;C:\WINDOWS\System32\WindowsPowerShell\v1.0\;C:\WINDOWS\System32\OpenSSH\;C:\Program Files\Apache\Maven\apache-maven-3.9.11\bin;C:\Users\Admin\scoop\shims;C:\Program Files\MySQL\MySQL Shell 8.0\bin\;C:\Users\Admin\AppData\Local\Programs\Microsoft VS Code\bin;C:\MinGW\bin;C:\Users\Admin\AppData\Roaming\npm;C:\Users\Admin\AppData\Local\nvm;C:\nvm4w\nodejs;C:\Users\Admin\AppData\Local\Microsoft\WindowsApps;C:\Program Files\JetBrains\IntelliJ IDEA 2025.2.3\bin
USERNAME=Admin
OS=Windows_NT
PROCESSOR_IDENTIFIER=AMD64 Family 25 Model 80 Stepping 0, AuthenticAMD
TMP=C:\Users\Admin\AppData\Local\Temp
TEMP=C:\Users\Admin\AppData\Local\Temp




Periodic native trim disabled

---------------  S Y S T E M  ---------------

OS:
 Windows 10 , 64 bit Build 19041 (10.0.19041.5915)
OS uptime: 0 days 11:37 hours
Hyper-V role detected

CPU: total 12 (initial active 12) (12 cores per cpu, 2 threads per core) family 25 model 80 stepping 0 microcode 0x0, cx8, cmov, fxsr, ht, mmx, 3dnowpref, sse, sse2, sse3, ssse3, sse4a, sse4.1, sse4.2, popcnt, lzcnt, tsc, tscinvbit, avx, avx2, aes, erms, clmul, bmi1, bmi2, adx, sha, fma, vzeroupper, clflush, clflushopt, hv, rdtscp, rdpid, fsrm, f16c, cet_ss
Processor Information for all 12 processors :
  Max Mhz: 3301, Current Mhz: 3301, Mhz Limit: 3301

Memory: 4k page, system-wide physical 5996M (66M free)
TotalPageFile size 24428M (AvailPageFile size 28M)
current process WorkingSet (physical memory assigned to process): 297M, peak: 398M
current process commit charge ("private bytes"): 612M, peak: 689M

vm_info: Java HotSpot(TM) 64-Bit Server VM (21.0.8+12-LTS-250) for windows-amd64 JRE (21.0.8+12-LTS-250), built on 2025-06-27T08:11:22Z by "mach5one" with MS VC++ 17.6 (VS2022)

END.
