#
# There is insufficient memory for the Java Runtime Environment to continue.
# Native memory allocation (malloc) failed to allocate 1048576 bytes. Error detail: AllocateHeap
# Possible reasons:
#   The system is out of physical RAM or swap space
#   This process is running with CompressedOops enabled, and the Java Heap may be blocking the growth of the native heap
# Possible solutions:
#   Reduce memory load on the system
#   Increase physical memory or swap space
#   Check if swap backing store is full
#   Decrease Java heap size (-Xmx/-Xms)
#   Decrease number of Java threads
#   Decrease Java thread stack sizes (-Xss)
#   Set larger code cache with -XX:ReservedCodeCacheSize=
#   JVM is running with Unscaled Compressed Oops mode in which the Java heap is
#     placed in the first 4GB address space. The Java Heap base address is the
#     maximum limit for the native heap growth. Please use -XX:HeapBaseMinAddress
#     to set the Java Heap base and to place the Java Heap above 4GB virtual address.
# This output file may be truncated or incomplete.
#
#  Out of Memory Error (allocation.cpp:44), pid=19852, tid=18756
#
# JRE version: OpenJDK Runtime Environment Temurin-21.0.9+10 (21.0.9+10) (build 21.0.9+10-LTS)
# Java VM: OpenJDK 64-Bit Server VM Temurin-21.0.9+10 (21.0.9+10-LTS, mixed mode, sharing, tiered, compressed oops, compressed class ptrs, parallel gc, windows-amd64)
# No core dump will be written. Minidumps are not enabled by default on client versions of Windows
#

---------------  S U M M A R Y ------------

Command Line: --add-modules=ALL-SYSTEM --add-opens=java.base/java.util=ALL-UNNAMED --add-opens=java.base/java.lang=ALL-UNNAMED --add-opens=java.base/sun.nio.fs=ALL-UNNAMED -Declipse.application=org.eclipse.jdt.ls.core.id1 -Dosgi.bundles.defaultStartLevel=4 -Declipse.product=org.eclipse.jdt.ls.core.product -Djava.import.generatesMetadataFilesAtProjectRoot=false -DDetectVMInstallationsJob.disabled=true -Dfile.encoding=utf8 -XX:+UseParallelGC -XX:GCTimeRatio=4 -XX:AdaptiveSizePolicyWeight=90 -Dsun.zip.disableMemoryMapping=true -Xmx2G -Xms100m -Xlog:disable -javaagent:c:\Users\Admin\.vscode\extensions\redhat.java-1.51.0-win32-x64\lombok\lombok-1.18.39-4050.jar -XX:+HeapDumpOnOutOfMemoryError -XX:HeapDumpPath=c:\Users\Admin\AppData\Roaming\Code\User\workspaceStorage\a175d72152ad519fb8fddd97f43ed626\redhat.java -Daether.dependencyCollector.impl=bf c:\Users\Admin\.vscode\extensions\redhat.java-1.51.0-win32-x64\server\plugins\org.eclipse.equinox.launcher_1.7.100.v20251111-0406.jar -configuration c:\Users\Admin\AppData\Roaming\Code\User\globalStorage\redhat.java\1.51.0\config_win -data c:\Users\Admin\AppData\Roaming\Code\User\workspaceStorage\a175d72152ad519fb8fddd97f43ed626\redhat.java\jdt_ws --pipe=\\.\pipe\lsp-ca0ed87612366c1159ee0abe8c4e955f-sock

Host: AMD Ryzen 5 5600H with Radeon Graphics         , 12 cores, 5G,  Windows 10 , 64 bit Build 19041 (10.0.19041.5915)
Time: Mon Jan 12 21:47:40 2026 SE Asia Standard Time elapsed time: 3308.681349 seconds (0d 0h 55m 8s)

---------------  T H R E A D  ---------------

Current thread (0x0000028eab7f5a40):  JavaThread "Attach Listener" daemon [_thread_in_vm, id=18756, stack(0x000000fc2b500000,0x000000fc2b600000) (1024K)]

Stack: [0x000000fc2b500000,0x000000fc2b600000]
Native frames: (J=compiled Java code, j=interpreted, Vv=VM code, C=native code)
V  [jvm.dll+0x6d6e29]
V  [jvm.dll+0x8b4b76]
V  [jvm.dll+0x8b712e]
V  [jvm.dll+0x8b7813]
V  [jvm.dll+0x283d86]
V  [jvm.dll+0xc1277]
V  [jvm.dll+0x6d76d9]
V  [jvm.dll+0x133466]
V  [jvm.dll+0x3f7ea6]
V  [jvm.dll+0x85e9ad]
V  [jvm.dll+0x6d565d]
C  [ucrtbase.dll+0x21bb2]
C  [KERNEL32.DLL+0x17374]
C  [ntdll.dll+0x4cc91]


---------------  P R O C E S S  ---------------

Threads class SMR info:
_java_thread_list=0x0000028e8262d910, length=46, elements={
0x0000028e94d41db0, 0x0000028eab7f17f0, 0x0000028eab7f3050, 0x0000028eab7f4b30,
0x0000028eab7f5a40, 0x0000028eab7f6950, 0x0000028eab7fa3c0, 0x0000028eab7fb1f0,
0x0000028eee770450, 0x0000028eee9593b0, 0x0000028eeeae3a30, 0x0000028ef3804090,
0x0000028ef3699cb0, 0x0000028eee9bbc70, 0x0000028ef3396190, 0x0000028ef3b7dc30,
0x0000028ef38ebc10, 0x0000028ef38add90, 0x0000028ef38ad070, 0x0000028ef38ac350,
0x0000028ef38aeab0, 0x0000028ef4346130, 0x0000028ef4348890, 0x0000028ef434a2d0,
0x0000028ef43474e0, 0x0000028ef4345410, 0x0000028ef4344d80, 0x0000028ef43467c0,
0x0000028ef4349c40, 0x0000028ef434a960, 0x0000028ef434aff0, 0x0000028ef4345aa0,
0x0000028ef4346e50, 0x0000028ef4347b70, 0x0000028ef4344060, 0x0000028ef4348f20,
0x0000028ef43495b0, 0x0000028ef65bb760, 0x0000028ef65bd1a0, 0x0000028ef65bc480,
0x0000028ef65bbdf0, 0x0000028ef5ea2d10, 0x0000028ef5e9e4e0, 0x0000028ef5ea2680,
0x0000028ef5ea0c40, 0x0000028ef5e9f200
}

Java Threads: ( => current thread )
  0x0000028e94d41db0 JavaThread "main"                              [_thread_blocked, id=2236, stack(0x000000fc2ae00000,0x000000fc2af00000) (1024K)]
  0x0000028eab7f17f0 JavaThread "Reference Handler"          daemon [_thread_blocked, id=18604, stack(0x000000fc2b200000,0x000000fc2b300000) (1024K)]
  0x0000028eab7f3050 JavaThread "Finalizer"                  daemon [_thread_blocked, id=18608, stack(0x000000fc2b300000,0x000000fc2b400000) (1024K)]
  0x0000028eab7f4b30 JavaThread "Signal Dispatcher"          daemon [_thread_blocked, id=23128, stack(0x000000fc2b400000,0x000000fc2b500000) (1024K)]
=>0x0000028eab7f5a40 JavaThread "Attach Listener"            daemon [_thread_in_vm, id=18756, stack(0x000000fc2b500000,0x000000fc2b600000) (1024K)]
  0x0000028eab7f6950 JavaThread "Service Thread"             daemon [_thread_blocked, id=12572, stack(0x000000fc2b600000,0x000000fc2b700000) (1024K)]
  0x0000028eab7fa3c0 JavaThread "Monitor Deflation Thread"   daemon [_thread_blocked, id=18452, stack(0x000000fc2b700000,0x000000fc2b800000) (1024K)]
  0x0000028eab7fb1f0 JavaThread "C2 CompilerThread0"         daemon [_thread_blocked, id=21156, stack(0x000000fc2b800000,0x000000fc2b900000) (1024K)]
  0x0000028eee770450 JavaThread "C1 CompilerThread0"         daemon [_thread_blocked, id=11628, stack(0x000000fc2b900000,0x000000fc2ba00000) (1024K)]
  0x0000028eee9593b0 JavaThread "Common-Cleaner"             daemon [_thread_blocked, id=3264, stack(0x000000fc2ba00000,0x000000fc2bb00000) (1024K)]
  0x0000028eeeae3a30 JavaThread "Notification Thread"        daemon [_thread_blocked, id=18228, stack(0x000000fc2bb00000,0x000000fc2bc00000) (1024K)]
  0x0000028ef3804090 JavaThread "Active Thread: Equinox Container: cadb85ab-b8d6-43c8-9d40-e386f8304d8a"        [_thread_blocked, id=18936, stack(0x000000fc2c200000,0x000000fc2c300000) (1024K)]
  0x0000028ef3699cb0 JavaThread "Refresh Thread: Equinox Container: cadb85ab-b8d6-43c8-9d40-e386f8304d8a" daemon [_thread_blocked, id=22884, stack(0x000000fc2c400000,0x000000fc2c500000) (1024K)]
  0x0000028eee9bbc70 JavaThread "Framework Event Dispatcher: Equinox Container: cadb85ab-b8d6-43c8-9d40-e386f8304d8a" daemon [_thread_blocked, id=11892, stack(0x000000fc2c500000,0x000000fc2c600000) (1024K)]
  0x0000028ef3396190 JavaThread "Start Level: Equinox Container: cadb85ab-b8d6-43c8-9d40-e386f8304d8a" daemon [_thread_blocked, id=23284, stack(0x000000fc2c600000,0x000000fc2c700000) (1024K)]
  0x0000028ef3b7dc30 JavaThread "Bundle File Closer"         daemon [_thread_blocked, id=20108, stack(0x000000fc2c900000,0x000000fc2ca00000) (1024K)]
  0x0000028ef38ebc10 JavaThread "SCR Component Actor"        daemon [_thread_blocked, id=18216, stack(0x000000fc2ca00000,0x000000fc2cb00000) (1024K)]
  0x0000028ef38add90 JavaThread "Worker-JM"                         [_thread_blocked, id=12140, stack(0x000000fc2cc00000,0x000000fc2cd00000) (1024K)]
  0x0000028ef38ad070 JavaThread "JNA Cleaner"                daemon [_thread_blocked, id=5968, stack(0x000000fc2cd00000,0x000000fc2ce00000) (1024K)]
  0x0000028ef38ac350 JavaThread "Worker-2: Building"                [_thread_in_Java, id=21688, stack(0x000000fc2d000000,0x000000fc2d100000) (1024K)]
  0x0000028ef38aeab0 JavaThread "Java indexing"              daemon [_thread_blocked, id=4240, stack(0x000000fc2d100000,0x000000fc2d200000) (1024K)]
  0x0000028ef4346130 JavaThread "Thread-1"                   daemon [_thread_in_native, id=23480, stack(0x000000fc2d500000,0x000000fc2d600000) (1024K)]
  0x0000028ef4348890 JavaThread "Thread-2"                   daemon [_thread_in_native, id=6968, stack(0x000000fc2d600000,0x000000fc2d700000) (1024K)]
  0x0000028ef434a2d0 JavaThread "Thread-3"                   daemon [_thread_in_native, id=4252, stack(0x000000fc2d700000,0x000000fc2d800000) (1024K)]
  0x0000028ef43474e0 JavaThread "Thread-4"                   daemon [_thread_in_native, id=4236, stack(0x000000fc2d800000,0x000000fc2d900000) (1024K)]
  0x0000028ef4345410 JavaThread "Thread-5"                   daemon [_thread_in_native, id=21996, stack(0x000000fc2d900000,0x000000fc2da00000) (1024K)]
  0x0000028ef4344d80 JavaThread "Thread-6"                   daemon [_thread_in_native, id=1324, stack(0x000000fc2da00000,0x000000fc2db00000) (1024K)]
  0x0000028ef43467c0 JavaThread "Thread-7"                   daemon [_thread_in_native, id=4964, stack(0x000000fc2db00000,0x000000fc2dc00000) (1024K)]
  0x0000028ef4349c40 JavaThread "Thread-8"                   daemon [_thread_in_native, id=12972, stack(0x000000fc2dc00000,0x000000fc2dd00000) (1024K)]
  0x0000028ef434a960 JavaThread "Thread-9"                   daemon [_thread_in_native, id=17976, stack(0x000000fc2dd00000,0x000000fc2de00000) (1024K)]
  0x0000028ef434aff0 JavaThread "Thread-10"                  daemon [_thread_in_native, id=23180, stack(0x000000fc2de00000,0x000000fc2df00000) (1024K)]
  0x0000028ef4345aa0 JavaThread "Thread-11"                  daemon [_thread_in_native, id=23136, stack(0x000000fc2df00000,0x000000fc2e000000) (1024K)]
  0x0000028ef4346e50 JavaThread "Thread-12"                  daemon [_thread_in_native, id=6020, stack(0x000000fc2e000000,0x000000fc2e100000) (1024K)]
  0x0000028ef4347b70 JavaThread "Thread-13"                  daemon [_thread_in_native, id=5712, stack(0x000000fc2e100000,0x000000fc2e200000) (1024K)]
  0x0000028ef4344060 JavaThread "pool-2-thread-1"                   [_thread_blocked, id=6448, stack(0x000000fc2e200000,0x000000fc2e300000) (1024K)]
  0x0000028ef4348f20 JavaThread "WorkspaceEventsHandler"            [_thread_blocked, id=19856, stack(0x000000fc2e400000,0x000000fc2e500000) (1024K)]
  0x0000028ef43495b0 JavaThread "pool-1-thread-1"                   [_thread_blocked, id=9484, stack(0x000000fc2e500000,0x000000fc2e600000) (1024K)]
  0x0000028ef65bb760 JavaThread "Worker-7"                          [_thread_blocked, id=18968, stack(0x000000fc2e700000,0x000000fc2e800000) (1024K)]
  0x0000028ef65bd1a0 JavaThread "Timer-0"                           [_thread_blocked, id=11748, stack(0x000000fc2eb00000,0x000000fc2ec00000) (1024K)]
  0x0000028ef65bc480 JavaThread "Timer-1"                           [_thread_blocked, id=22668, stack(0x000000fc2ec00000,0x000000fc2ed00000) (1024K)]
  0x0000028ef65bbdf0 JavaThread "Timer-2"                           [_thread_blocked, id=22416, stack(0x000000fc2ed00000,0x000000fc2ee00000) (1024K)]
  0x0000028ef5ea2d10 JavaThread "Timer-3"                           [_thread_blocked, id=23824, stack(0x000000fc2ee00000,0x000000fc2ef00000) (1024K)]
  0x0000028ef5e9e4e0 JavaThread "Timer-4"                           [_thread_blocked, id=19664, stack(0x000000fc2ef00000,0x000000fc2f000000) (1024K)]
  0x0000028ef5ea2680 JavaThread "Timer-5"                           [_thread_blocked, id=12408, stack(0x000000fc2ab00000,0x000000fc2ac00000) (1024K)]
  0x0000028ef5ea0c40 JavaThread "Timer-6"                           [_thread_blocked, id=16152, stack(0x000000fc2ac00000,0x000000fc2ad00000) (1024K)]
  0x0000028ef5e9f200 JavaThread "Timer-7"                           [_thread_blocked, id=11684, stack(0x000000fc2f000000,0x000000fc2f100000) (1024K)]
Total: 46

Other Threads:
  0x0000028eab7e4030 VMThread "VM Thread"                           [id=13476, stack(0x000000fc2b100000,0x000000fc2b200000) (1024K)]
  0x0000028e94dae950 WatcherThread "VM Periodic Task Thread"        [id=21392, stack(0x000000fc2b000000,0x000000fc2b100000) (1024K)]
  0x0000028e94d5ee00 WorkerThread "GC Thread#0"                     [id=1728, stack(0x000000fc2af00000,0x000000fc2b000000) (1024K)]
  0x0000028ef3250a50 WorkerThread "GC Thread#1"                     [id=18688, stack(0x000000fc2bc00000,0x000000fc2bd00000) (1024K)]
  0x0000028ef3251000 WorkerThread "GC Thread#2"                     [id=21880, stack(0x000000fc2bd00000,0x000000fc2be00000) (1024K)]
  0x0000028ef32eae00 WorkerThread "GC Thread#3"                     [id=15148, stack(0x000000fc2be00000,0x000000fc2bf00000) (1024K)]
  0x0000028ef32eb1a0 WorkerThread "GC Thread#4"                     [id=21012, stack(0x000000fc2bf00000,0x000000fc2c000000) (1024K)]
  0x0000028ef32eb540 WorkerThread "GC Thread#5"                     [id=3744, stack(0x000000fc2c000000,0x000000fc2c100000) (1024K)]
  0x0000028ef32ec300 WorkerThread "GC Thread#6"                     [id=23364, stack(0x000000fc2c100000,0x000000fc2c200000) (1024K)]
  0x0000028ef33ddea0 WorkerThread "GC Thread#7"                     [id=23468, stack(0x000000fc2c300000,0x000000fc2c400000) (1024K)]
  0x0000028ef359de90 WorkerThread "GC Thread#8"                     [id=7920, stack(0x000000fc2c700000,0x000000fc2c800000) (1024K)]
  0x0000028ef3a659e0 WorkerThread "GC Thread#9"                     [id=9564, stack(0x000000fc2c800000,0x000000fc2c900000) (1024K)]
Total: 12

Threads with active compile tasks:
Total: 0

VM state: not at safepoint (normal execution)

VM Mutex/Monitor currently owned by a thread: None

Heap address: 0x0000000080000000, size: 2048 MB, Compressed Oops mode: 32-bit

CDS archive(s) mapped at: [0x0000028eac000000-0x0000028eacba0000-0x0000028eacba0000), size 12189696, SharedBaseAddress: 0x0000028eac000000, ArchiveRelocationMode: 1.
Compressed class space mapped at: 0x0000028ead000000-0x0000028eed000000, reserved size: 1073741824
Narrow klass base: 0x0000028eac000000, Narrow klass shift: 0, Narrow klass range: 0x100000000

GC Precious Log:
 CardTable entry size: 512
 CPUs: 12 total, 12 available
 Memory: 5996M
 Large Page Support: Disabled
 NUMA Support: Disabled
 Compressed Oops: Enabled (32-bit)
 Alignments: Space 512K, Generation 512K, Heap 2M
 Heap Min Capacity: 100M
 Heap Initial Capacity: 100M
 Heap Max Capacity: 2G
 Pre-touch: Disabled
 Parallel Workers: 10

Heap:
 PSYoungGen      total 12800K, used 6946K [0x00000000d5580000, 0x00000000d6700000, 0x0000000100000000)
  eden space 12288K, 53% used [0x00000000d5580000,0x00000000d5bf8bf8,0x00000000d6180000)
  from space 512K, 62% used [0x00000000d6680000,0x00000000d66d0000,0x00000000d6700000)
  to   space 512K, 0% used [0x00000000d6600000,0x00000000d6600000,0x00000000d6680000)
 ParOldGen       total 69120K, used 69070K [0x0000000080000000, 0x0000000084380000, 0x00000000d5580000)
  object space 69120K, 99% used [0x0000000080000000,0x0000000084373b30,0x0000000084380000)
 Metaspace       used 76333K, committed 77952K, reserved 1179648K
  class space    used 9448K, committed 10112K, reserved 1048576K

Card table byte_map: [0x0000028e94700000,0x0000028e94b10000] _byte_map_base: 0x0000028e94300000

Marking Bits: (ParMarkBitMap*) 0x00007ffba65a2460
 Begin Bits: [0x0000028ea7200000, 0x0000028ea9200000)
 End Bits:   [0x0000028ea9200000, 0x0000028eab200000)

Polling page: 0x0000028e92a70000

Metaspace:

Usage:
  Non-class:     65.32 MB used.
      Class:      9.23 MB used.
       Both:     74.54 MB used.

Virtual space:
  Non-class space:      128.00 MB reserved,      66.25 MB ( 52%) committed,  2 nodes.
      Class space:        1.00 GB reserved,       9.88 MB ( <1%) committed,  1 nodes.
             Both:        1.12 GB reserved,      76.12 MB (  7%) committed. 

Chunk freelists:
   Non-Class:  13.35 MB
       Class:  6.13 MB
        Both:  19.47 MB

MaxMetaspaceSize: unlimited
CompressedClassSpaceSize: 1.00 GB
Initial GC threshold: 21.00 MB
Current GC threshold: 97.31 MB
CDS: on
 - commit_granule_bytes: 65536.
 - commit_granule_words: 8192.
 - virtual_space_node_default_size: 8388608.
 - enlarge_chunks_in_place: 1.
 - use_allocation_guard: 0.


Internal statistics:

num_allocs_failed_limit: 9.
num_arena_births: 1446.
num_arena_deaths: 26.
num_vsnodes_births: 3.
num_vsnodes_deaths: 0.
num_space_committed: 1218.
num_space_uncommitted: 0.
num_chunks_returned_to_freelist: 38.
num_chunks_taken_from_freelist: 4769.
num_chunk_merges: 12.
num_chunk_splits: 2986.
num_chunks_enlarged: 1818.
num_inconsistent_stats: 0.

CodeHeap 'non-profiled nmethods': size=120000Kb used=7443Kb max_used=7443Kb free=112556Kb
 bounds [0x0000028e9fa20000, 0x0000028ea0170000, 0x0000028ea6f50000]
CodeHeap 'profiled nmethods': size=120000Kb used=19480Kb max_used=19480Kb free=100520Kb
 bounds [0x0000028e97f50000, 0x0000028e99260000, 0x0000028e9f480000]
CodeHeap 'non-nmethods': size=5760Kb used=1455Kb max_used=1528Kb free=4304Kb
 bounds [0x0000028e9f480000, 0x0000028e9f6f0000, 0x0000028e9fa20000]
CodeCache: size=245760Kb, used=28378Kb, max_used=28451Kb, free=217380Kb
 total_blobs=10774, nmethods=10011, adapters=669, full_count=0
Compilation: enabled, stopped_count=0, restarted_count=0

Compilation events (20 events):
Event: 3296.500 Thread 0x0000028eee770450 10894       3       org.eclipse.core.internal.content.ContentTypeHandler::getTarget (76 bytes)
Event: 3296.545 Thread 0x0000028eee770450 nmethod 10894 0x0000028e9924f090 code [0x0000028e9924f300, 0x0000028e99250020]
Event: 3296.689 Thread 0x0000028eee770450 10895       3       java.util.UUID::randomUUID (63 bytes)
Event: 3296.716 Thread 0x0000028eee770450 nmethod 10895 0x0000028e99250490 code [0x0000028e99250660, 0x0000028e99250918]
Event: 3296.731 Thread 0x0000028eee770450 10896       1       org.eclipse.lsp4j.jsonrpc.json.MessageJsonHandler::getMethodProvider (5 bytes)
Event: 3296.744 Thread 0x0000028eee770450 nmethod 10896 0x0000028ea0163510 code [0x0000028ea01636a0, 0x0000028ea0163768]
Event: 3296.745 Thread 0x0000028eee770450 10897       1       org.eclipse.lsp4j.jsonrpc.json.JsonRpcMethod::getReturnType (5 bytes)
Event: 3296.750 Thread 0x0000028eee770450 nmethod 10897 0x0000028ea0163810 code [0x0000028ea01639a0, 0x0000028ea0163a68]
Event: 3296.750 Thread 0x0000028eee770450 10898       1       org.eclipse.lsp4j.jsonrpc.json.JsonRpcMethod::getReturnTypeAdapterFactory (5 bytes)
Event: 3296.753 Thread 0x0000028eee770450 nmethod 10898 0x0000028ea0163b10 code [0x0000028ea0163ca0, 0x0000028ea0163d68]
Event: 3296.756 Thread 0x0000028eee770450 10899       3       org.eclipse.core.runtime.SubMonitor::beginTaskImpl (33 bytes)
Event: 3296.779 Thread 0x0000028eee770450 nmethod 10899 0x0000028e99250a10 code [0x0000028e99250c00, 0x0000028e992510e8]
Event: 3296.888 Thread 0x0000028eab7fb1f0 10900       4       java.util.HashMap::afterNodeAccess (1 bytes)
Event: 3296.892 Thread 0x0000028eab7fb1f0 nmethod 10900 0x0000028ea0163e10 code [0x0000028ea0163fa0, 0x0000028ea0164028]
Event: 3307.582 Thread 0x0000028eee770450 10901       3       java.net.URI::getRawSchemeSpecificPart (156 bytes)
Event: 3307.614 Thread 0x0000028eab7fb1f0 10902       4       org.eclipse.core.internal.localstore.FileSystemResourceManager::getStoreRoot (229 bytes)
Event: 3307.616 Thread 0x0000028eee770450 nmethod 10901 0x0000028e99251290 code [0x0000028e99251580, 0x0000028e992525a0]
Event: 3307.763 Thread 0x0000028eab7fb1f0 nmethod 10902 0x0000028ea0164110 code [0x0000028ea0164320, 0x0000028ea01646e8]
Event: 3308.125 Thread 0x0000028eab7fb1f0 10903       4       java.util.regex.Pattern$Node::<init> (12 bytes)
Event: 3308.137 Thread 0x0000028eab7fb1f0 nmethod 10903 0x0000028ea0164b10 code [0x0000028ea0164ca0, 0x0000028ea0164d48]

GC Heap History (20 events):
Event: 69.008 GC heap before
{Heap before GC invocations=82 (full 3):
 PSYoungGen      total 12800K, used 12688K [0x00000000d5580000, 0x00000000d6380000, 0x0000000100000000)
  eden space 12288K, 100% used [0x00000000d5580000,0x00000000d6180000,0x00000000d6180000)
  from space 512K, 78% used [0x00000000d6300000,0x00000000d6364010,0x00000000d6380000)
  to   space 1024K, 0% used [0x00000000d6180000,0x00000000d6180000,0x00000000d6280000)
 ParOldGen       total 68608K, used 63687K [0x0000000080000000, 0x0000000084300000, 0x00000000d5580000)
  object space 68608K, 92% used [0x0000000080000000,0x0000000083e31fc0,0x0000000084300000)
 Metaspace       used 71597K, committed 73152K, reserved 1114112K
  class space    used 8966K, committed 9664K, reserved 1048576K
}
Event: 69.009 GC heap after
{Heap after GC invocations=82 (full 3):
 PSYoungGen      total 13312K, used 160K [0x00000000d5580000, 0x00000000d6380000, 0x0000000100000000)
  eden space 12288K, 0% used [0x00000000d5580000,0x00000000d5580000,0x00000000d6180000)
  from space 1024K, 15% used [0x00000000d6180000,0x00000000d61a8000,0x00000000d6280000)
  to   space 512K, 0% used [0x00000000d6300000,0x00000000d6300000,0x00000000d6380000)
 ParOldGen       total 68608K, used 63888K [0x0000000080000000, 0x0000000084300000, 0x00000000d5580000)
  object space 68608K, 93% used [0x0000000080000000,0x0000000083e64030,0x0000000084300000)
 Metaspace       used 71597K, committed 73152K, reserved 1114112K
  class space    used 8966K, committed 9664K, reserved 1048576K
}
Event: 69.059 GC heap before
{Heap before GC invocations=83 (full 3):
 PSYoungGen      total 13312K, used 12448K [0x00000000d5580000, 0x00000000d6380000, 0x0000000100000000)
  eden space 12288K, 100% used [0x00000000d5580000,0x00000000d6180000,0x00000000d6180000)
  from space 1024K, 15% used [0x00000000d6180000,0x00000000d61a8000,0x00000000d6280000)
  to   space 512K, 0% used [0x00000000d6300000,0x00000000d6300000,0x00000000d6380000)
 ParOldGen       total 68608K, used 63888K [0x0000000080000000, 0x0000000084300000, 0x00000000d5580000)
  object space 68608K, 93% used [0x0000000080000000,0x0000000083e64030,0x0000000084300000)
 Metaspace       used 71597K, committed 73152K, reserved 1114112K
  class space    used 8966K, committed 9664K, reserved 1048576K
}
Event: 69.061 GC heap after
{Heap after GC invocations=83 (full 3):
 PSYoungGen      total 12800K, used 128K [0x00000000d5580000, 0x00000000d6380000, 0x0000000100000000)
  eden space 12288K, 0% used [0x00000000d5580000,0x00000000d5580000,0x00000000d6180000)
  from space 512K, 25% used [0x00000000d6300000,0x00000000d6320000,0x00000000d6380000)
  to   space 512K, 0% used [0x00000000d6280000,0x00000000d6280000,0x00000000d6300000)
 ParOldGen       total 68608K, used 63912K [0x0000000080000000, 0x0000000084300000, 0x00000000d5580000)
  object space 68608K, 93% used [0x0000000080000000,0x0000000083e6a030,0x0000000084300000)
 Metaspace       used 71597K, committed 73152K, reserved 1114112K
  class space    used 8966K, committed 9664K, reserved 1048576K
}
Event: 69.643 GC heap before
{Heap before GC invocations=84 (full 3):
 PSYoungGen      total 12800K, used 12416K [0x00000000d5580000, 0x00000000d6380000, 0x0000000100000000)
  eden space 12288K, 100% used [0x00000000d5580000,0x00000000d6180000,0x00000000d6180000)
  from space 512K, 25% used [0x00000000d6300000,0x00000000d6320000,0x00000000d6380000)
  to   space 512K, 0% used [0x00000000d6280000,0x00000000d6280000,0x00000000d6300000)
 ParOldGen       total 68608K, used 63912K [0x0000000080000000, 0x0000000084300000, 0x00000000d5580000)
  object space 68608K, 93% used [0x0000000080000000,0x0000000083e6a030,0x0000000084300000)
 Metaspace       used 71617K, committed 73152K, reserved 1114112K
  class space    used 8968K, committed 9664K, reserved 1048576K
}
Event: 69.646 GC heap after
{Heap after GC invocations=84 (full 3):
 PSYoungGen      total 12800K, used 192K [0x00000000d5580000, 0x00000000d6380000, 0x0000000100000000)
  eden space 12288K, 0% used [0x00000000d5580000,0x00000000d5580000,0x00000000d6180000)
  from space 512K, 37% used [0x00000000d6280000,0x00000000d62b0000,0x00000000d6300000)
  to   space 512K, 0% used [0x00000000d6300000,0x00000000d6300000,0x00000000d6380000)
 ParOldGen       total 68608K, used 63920K [0x0000000080000000, 0x0000000084300000, 0x00000000d5580000)
  object space 68608K, 93% used [0x0000000080000000,0x0000000083e6c030,0x0000000084300000)
 Metaspace       used 71617K, committed 73152K, reserved 1114112K
  class space    used 8968K, committed 9664K, reserved 1048576K
}
Event: 70.072 GC heap before
{Heap before GC invocations=85 (full 3):
 PSYoungGen      total 12800K, used 12480K [0x00000000d5580000, 0x00000000d6380000, 0x0000000100000000)
  eden space 12288K, 100% used [0x00000000d5580000,0x00000000d6180000,0x00000000d6180000)
  from space 512K, 37% used [0x00000000d6280000,0x00000000d62b0000,0x00000000d6300000)
  to   space 512K, 0% used [0x00000000d6300000,0x00000000d6300000,0x00000000d6380000)
 ParOldGen       total 68608K, used 63920K [0x0000000080000000, 0x0000000084300000, 0x00000000d5580000)
  object space 68608K, 93% used [0x0000000080000000,0x0000000083e6c030,0x0000000084300000)
 Metaspace       used 71620K, committed 73152K, reserved 1114112K
  class space    used 8968K, committed 9664K, reserved 1048576K
}
Event: 70.073 GC heap after
{Heap after GC invocations=85 (full 3):
 PSYoungGen      total 12800K, used 192K [0x00000000d5580000, 0x00000000d6380000, 0x0000000100000000)
  eden space 12288K, 0% used [0x00000000d5580000,0x00000000d5580000,0x00000000d6180000)
  from space 512K, 37% used [0x00000000d6300000,0x00000000d6330000,0x00000000d6380000)
  to   space 512K, 0% used [0x00000000d6280000,0x00000000d6280000,0x00000000d6300000)
 ParOldGen       total 68608K, used 64000K [0x0000000080000000, 0x0000000084300000, 0x00000000d5580000)
  object space 68608K, 93% used [0x0000000080000000,0x0000000083e80030,0x0000000084300000)
 Metaspace       used 71620K, committed 73152K, reserved 1114112K
  class space    used 8968K, committed 9664K, reserved 1048576K
}
Event: 70.321 GC heap before
{Heap before GC invocations=86 (full 3):
 PSYoungGen      total 12800K, used 12480K [0x00000000d5580000, 0x00000000d6380000, 0x0000000100000000)
  eden space 12288K, 100% used [0x00000000d5580000,0x00000000d6180000,0x00000000d6180000)
  from space 512K, 37% used [0x00000000d6300000,0x00000000d6330000,0x00000000d6380000)
  to   space 512K, 0% used [0x00000000d6280000,0x00000000d6280000,0x00000000d6300000)
 ParOldGen       total 68608K, used 64000K [0x0000000080000000, 0x0000000084300000, 0x00000000d5580000)
  object space 68608K, 93% used [0x0000000080000000,0x0000000083e80030,0x0000000084300000)
 Metaspace       used 71675K, committed 73216K, reserved 1114112K
  class space    used 8976K, committed 9664K, reserved 1048576K
}
Event: 70.323 GC heap after
{Heap after GC invocations=86 (full 3):
 PSYoungGen      total 12800K, used 512K [0x00000000d5580000, 0x00000000d6380000, 0x0000000100000000)
  eden space 12288K, 0% used [0x00000000d5580000,0x00000000d5580000,0x00000000d6180000)
  from space 512K, 100% used [0x00000000d6280000,0x00000000d6300000,0x00000000d6300000)
  to   space 512K, 0% used [0x00000000d6300000,0x00000000d6300000,0x00000000d6380000)
 ParOldGen       total 68608K, used 64184K [0x0000000080000000, 0x0000000084300000, 0x00000000d5580000)
  object space 68608K, 93% used [0x0000000080000000,0x0000000083eae070,0x0000000084300000)
 Metaspace       used 71675K, committed 73216K, reserved 1114112K
  class space    used 8976K, committed 9664K, reserved 1048576K
}
Event: 70.843 GC heap before
{Heap before GC invocations=87 (full 3):
 PSYoungGen      total 12800K, used 12800K [0x00000000d5580000, 0x00000000d6380000, 0x0000000100000000)
  eden space 12288K, 100% used [0x00000000d5580000,0x00000000d6180000,0x00000000d6180000)
  from space 512K, 100% used [0x00000000d6280000,0x00000000d6300000,0x00000000d6300000)
  to   space 512K, 0% used [0x00000000d6300000,0x00000000d6300000,0x00000000d6380000)
 ParOldGen       total 68608K, used 64184K [0x0000000080000000, 0x0000000084300000, 0x00000000d5580000)
  object space 68608K, 93% used [0x0000000080000000,0x0000000083eae070,0x0000000084300000)
 Metaspace       used 73314K, committed 74816K, reserved 1179648K
  class space    used 9125K, committed 9792K, reserved 1048576K
}
Event: 70.846 GC heap after
{Heap after GC invocations=87 (full 3):
 PSYoungGen      total 12800K, used 504K [0x00000000d5580000, 0x00000000d6480000, 0x0000000100000000)
  eden space 12288K, 0% used [0x00000000d5580000,0x00000000d5580000,0x00000000d6180000)
  from space 512K, 98% used [0x00000000d6300000,0x00000000d637e1a8,0x00000000d6380000)
  to   space 1536K, 0% used [0x00000000d6180000,0x00000000d6180000,0x00000000d6300000)
 ParOldGen       total 68608K, used 64892K [0x0000000080000000, 0x0000000084300000, 0x00000000d5580000)
  object space 68608K, 94% used [0x0000000080000000,0x0000000083f5f340,0x0000000084300000)
 Metaspace       used 73314K, committed 74816K, reserved 1179648K
  class space    used 9125K, committed 9792K, reserved 1048576K
}
Event: 71.088 GC heap before
{Heap before GC invocations=88 (full 3):
 PSYoungGen      total 12800K, used 12792K [0x00000000d5580000, 0x00000000d6480000, 0x0000000100000000)
  eden space 12288K, 100% used [0x00000000d5580000,0x00000000d6180000,0x00000000d6180000)
  from space 512K, 98% used [0x00000000d6300000,0x00000000d637e1a8,0x00000000d6380000)
  to   space 1536K, 0% used [0x00000000d6180000,0x00000000d6180000,0x00000000d6300000)
 ParOldGen       total 68608K, used 64892K [0x0000000080000000, 0x0000000084300000, 0x00000000d5580000)
  object space 68608K, 94% used [0x0000000080000000,0x0000000083f5f340,0x0000000084300000)
 Metaspace       used 74389K, committed 75968K, reserved 1179648K
  class space    used 9247K, committed 9920K, reserved 1048576K
}
Event: 71.092 GC heap after
{Heap after GC invocations=88 (full 3):
 PSYoungGen      total 13824K, used 1519K [0x00000000d5580000, 0x00000000d6c80000, 0x0000000100000000)
  eden space 12288K, 0% used [0x00000000d5580000,0x00000000d5580000,0x00000000d6180000)
  from space 1536K, 98% used [0x00000000d6180000,0x00000000d62fbd18,0x00000000d6300000)
  to   space 5632K, 0% used [0x00000000d6700000,0x00000000d6700000,0x00000000d6c80000)
 ParOldGen       total 68608K, used 68043K [0x0000000080000000, 0x0000000084300000, 0x00000000d5580000)
  object space 68608K, 99% used [0x0000000080000000,0x0000000084272d40,0x0000000084300000)
 Metaspace       used 74389K, committed 75968K, reserved 1179648K
  class space    used 9247K, committed 9920K, reserved 1048576K
}
Event: 313.167 GC heap before
{Heap before GC invocations=89 (full 3):
 PSYoungGen      total 13824K, used 13807K [0x00000000d5580000, 0x00000000d6c80000, 0x0000000100000000)
  eden space 12288K, 100% used [0x00000000d5580000,0x00000000d6180000,0x00000000d6180000)
  from space 1536K, 98% used [0x00000000d6180000,0x00000000d62fbd18,0x00000000d6300000)
  to   space 5632K, 0% used [0x00000000d6700000,0x00000000d6700000,0x00000000d6c80000)
 ParOldGen       total 68608K, used 68043K [0x0000000080000000, 0x0000000084300000, 0x00000000d5580000)
  object space 68608K, 99% used [0x0000000080000000,0x0000000084272d40,0x0000000084300000)
 Metaspace       used 75721K, committed 77376K, reserved 1179648K
  class space    used 9405K, committed 10112K, reserved 1048576K
}
Event: 313.206 GC heap after
{Heap after GC invocations=89 (full 3):
 PSYoungGen      total 13312K, used 640K [0x00000000d5580000, 0x00000000d6800000, 0x0000000100000000)
  eden space 12288K, 0% used [0x00000000d5580000,0x00000000d5580000,0x00000000d6180000)
  from space 1024K, 62% used [0x00000000d6700000,0x00000000d67a0020,0x00000000d6800000)
  to   space 2560K, 0% used [0x00000000d6300000,0x00000000d6300000,0x00000000d6580000)
 ParOldGen       total 68608K, used 68415K [0x0000000080000000, 0x0000000084300000, 0x00000000d5580000)
  object space 68608K, 99% used [0x0000000080000000,0x00000000842cffb0,0x0000000084300000)
 Metaspace       used 75721K, committed 77376K, reserved 1179648K
  class space    used 9405K, committed 10112K, reserved 1048576K
}
Event: 1125.708 GC heap before
{Heap before GC invocations=90 (full 3):
 PSYoungGen      total 13312K, used 12920K [0x00000000d5580000, 0x00000000d6800000, 0x0000000100000000)
  eden space 12288K, 99% used [0x00000000d5580000,0x00000000d617e0f0,0x00000000d6180000)
  from space 1024K, 62% used [0x00000000d6700000,0x00000000d67a0020,0x00000000d6800000)
  to   space 2560K, 0% used [0x00000000d6300000,0x00000000d6300000,0x00000000d6580000)
 ParOldGen       total 68608K, used 68415K [0x0000000080000000, 0x0000000084300000, 0x00000000d5580000)
  object space 68608K, 99% used [0x0000000080000000,0x00000000842cffb0,0x0000000084300000)
 Metaspace       used 76054K, committed 77696K, reserved 1179648K
  class space    used 9432K, committed 10112K, reserved 1048576K
}
Event: 1125.775 GC heap after
{Heap after GC invocations=90 (full 3):
 PSYoungGen      total 14848K, used 352K [0x00000000d5580000, 0x00000000d6780000, 0x0000000100000000)
  eden space 12288K, 0% used [0x00000000d5580000,0x00000000d5580000,0x00000000d6180000)
  from space 2560K, 13% used [0x00000000d6300000,0x00000000d6358000,0x00000000d6580000)
  to   space 1024K, 0% used [0x00000000d6680000,0x00000000d6680000,0x00000000d6780000)
 ParOldGen       total 69120K, used 68910K [0x0000000080000000, 0x0000000084380000, 0x00000000d5580000)
  object space 69120K, 99% used [0x0000000080000000,0x000000008434bb30,0x0000000084380000)
 Metaspace       used 76054K, committed 77696K, reserved 1179648K
  class space    used 9432K, committed 10112K, reserved 1048576K
}
Event: 1540.788 GC heap before
{Heap before GC invocations=91 (full 3):
 PSYoungGen      total 14848K, used 12640K [0x00000000d5580000, 0x00000000d6780000, 0x0000000100000000)
  eden space 12288K, 100% used [0x00000000d5580000,0x00000000d6180000,0x00000000d6180000)
  from space 2560K, 13% used [0x00000000d6300000,0x00000000d6358000,0x00000000d6580000)
  to   space 1024K, 0% used [0x00000000d6680000,0x00000000d6680000,0x00000000d6780000)
 ParOldGen       total 69120K, used 68910K [0x0000000080000000, 0x0000000084380000, 0x00000000d5580000)
  object space 69120K, 99% used [0x0000000080000000,0x000000008434bb30,0x0000000084380000)
 Metaspace       used 76255K, committed 77824K, reserved 1179648K
  class space    used 9446K, committed 10112K, reserved 1048576K
}
Event: 1540.825 GC heap after
{Heap after GC invocations=91 (full 3):
 PSYoungGen      total 12800K, used 320K [0x00000000d5580000, 0x00000000d6700000, 0x0000000100000000)
  eden space 12288K, 0% used [0x00000000d5580000,0x00000000d5580000,0x00000000d6180000)
  from space 512K, 62% used [0x00000000d6680000,0x00000000d66d0000,0x00000000d6700000)
  to   space 512K, 0% used [0x00000000d6600000,0x00000000d6600000,0x00000000d6680000)
 ParOldGen       total 69120K, used 69070K [0x0000000080000000, 0x0000000084380000, 0x00000000d5580000)
  object space 69120K, 99% used [0x0000000080000000,0x0000000084373b30,0x0000000084380000)
 Metaspace       used 76255K, committed 77824K, reserved 1179648K
  class space    used 9446K, committed 10112K, reserved 1048576K
}

Dll operation events (15 events):
Event: 0.008 Loaded shared library c:\Users\Admin\.vscode\extensions\redhat.java-1.51.0-win32-x64\jre\21.0.9-win32-x86_64\bin\java.dll
Event: 0.118 Loaded shared library c:\Users\Admin\.vscode\extensions\redhat.java-1.51.0-win32-x64\jre\21.0.9-win32-x86_64\bin\zip.dll
Event: 0.144 Loaded shared library C:\Users\Admin\.vscode\extensions\redhat.java-1.51.0-win32-x64\jre\21.0.9-win32-x86_64\bin\instrument.dll
Event: 0.150 Loaded shared library C:\Users\Admin\.vscode\extensions\redhat.java-1.51.0-win32-x64\jre\21.0.9-win32-x86_64\bin\net.dll
Event: 0.152 Loaded shared library C:\Users\Admin\.vscode\extensions\redhat.java-1.51.0-win32-x64\jre\21.0.9-win32-x86_64\bin\nio.dll
Event: 0.155 Loaded shared library C:\Users\Admin\.vscode\extensions\redhat.java-1.51.0-win32-x64\jre\21.0.9-win32-x86_64\bin\zip.dll
Event: 0.174 Loaded shared library C:\Users\Admin\.vscode\extensions\redhat.java-1.51.0-win32-x64\jre\21.0.9-win32-x86_64\bin\jimage.dll
Event: 0.264 Loaded shared library c:\Users\Admin\.vscode\extensions\redhat.java-1.51.0-win32-x64\jre\21.0.9-win32-x86_64\bin\verify.dll
Event: 8.218 Loaded shared library C:\Users\Admin\AppData\Roaming\Code\User\globalStorage\redhat.java\1.51.0\config_win\org.eclipse.equinox.launcher\org.eclipse.equinox.launcher.win32.win32.x86_64_1.2.1400.v20250801-0854\eclipse_11916.dll
Event: 15.380 Loaded shared library C:\Users\Admin\AppData\Local\Temp\jna-63116079\jna3617326234233449451.dll
Event: 16.776 Loaded shared library C:\Users\Admin\.vscode\extensions\redhat.java-1.51.0-win32-x64\jre\21.0.9-win32-x86_64\bin\sunmscapi.dll
Event: 17.128 Loaded shared library C:\Users\Admin\.vscode\extensions\redhat.java-1.51.0-win32-x64\jre\21.0.9-win32-x86_64\bin\extnet.dll
Event: 24.266 Loaded shared library C:\Users\Admin\.gradle\native\1def1411415f61bf3af743bc5b6707747c0891f09f0c88961ee8f79bc544acac\windows-amd64\native-platform.dll
Event: 31.148 Loaded shared library C:\Users\Admin\.vscode\extensions\redhat.java-1.51.0-win32-x64\jre\21.0.9-win32-x86_64\bin\management.dll
Event: 31.150 Loaded shared library C:\Users\Admin\.vscode\extensions\redhat.java-1.51.0-win32-x64\jre\21.0.9-win32-x86_64\bin\management_ext.dll

Deoptimization events (20 events):
Event: 1539.641 Thread 0x0000028ef4348f20 DEOPT PACKING pc=0x0000028ea00a2d50 sp=0x000000fc2e4fd6e0
Event: 1539.641 Thread 0x0000028ef4348f20 DEOPT UNPACKING pc=0x0000028e9f4d3aa2 sp=0x000000fc2e4fd6c8 mode 2
Event: 1539.641 Thread 0x0000028ef4348f20 Uncommon trap: trap_request=0xffffffc6 fr.pc=0x0000028ea00a2d50 relative=0x0000000000002430
Event: 1539.641 Thread 0x0000028ef4348f20 Uncommon trap: reason=bimorphic_or_optimized_type_check action=maybe_recompile pc=0x0000028ea00a2d50 method=org.eclipse.core.internal.dtree.AbstractDataTreeNode.assembleWith(Lorg/eclipse/core/internal/dtree/AbstractDataTreeNode;Lorg/eclipse/core/runtime/I
Event: 1539.641 Thread 0x0000028ef4348f20 DEOPT PACKING pc=0x0000028ea00a2d50 sp=0x000000fc2e4fd620
Event: 1539.641 Thread 0x0000028ef4348f20 DEOPT UNPACKING pc=0x0000028e9f4d3aa2 sp=0x000000fc2e4fd628 mode 2
Event: 1540.189 Thread 0x0000028ef4348f20 DEOPT PACKING pc=0x0000028e990f6739 sp=0x000000fc2e4fee80
Event: 1540.189 Thread 0x0000028ef4348f20 DEOPT UNPACKING pc=0x0000028e9f4d4242 sp=0x000000fc2e4fe380 mode 0
Event: 1762.541 Thread 0x0000028ef4348f20 Uncommon trap: trap_request=0xffffffd6 fr.pc=0x0000028ea011eccc relative=0x000000000000022c
Event: 1762.543 Thread 0x0000028ef4348f20 Uncommon trap: reason=array_check action=maybe_recompile pc=0x0000028ea011eccc method=java.util.LinkedHashMap.keysToArray([Ljava/lang/Object;Z)[Ljava/lang/Object; @ 67 c2
Event: 1762.543 Thread 0x0000028ef4348f20 DEOPT PACKING pc=0x0000028ea011eccc sp=0x000000fc2e4fe920
Event: 1762.545 Thread 0x0000028ef4348f20 DEOPT UNPACKING pc=0x0000028e9f4d3aa2 sp=0x000000fc2e4fe8a0 mode 2
Event: 1774.191 Thread 0x0000028ef4348f20 Uncommon trap: trap_request=0xffffffd6 fr.pc=0x0000028ea011eccc relative=0x000000000000022c
Event: 1774.191 Thread 0x0000028ef4348f20 Uncommon trap: reason=array_check action=maybe_recompile pc=0x0000028ea011eccc method=java.util.LinkedHashMap.keysToArray([Ljava/lang/Object;Z)[Ljava/lang/Object; @ 67 c2
Event: 1774.191 Thread 0x0000028ef4348f20 DEOPT PACKING pc=0x0000028ea011eccc sp=0x000000fc2e4fe920
Event: 1774.192 Thread 0x0000028ef4348f20 DEOPT UNPACKING pc=0x0000028e9f4d3aa2 sp=0x000000fc2e4fe8a0 mode 2
Event: 3271.981 Thread 0x0000028ef4348f20 Uncommon trap: trap_request=0xffffffd6 fr.pc=0x0000028ea011eccc relative=0x000000000000022c
Event: 3271.986 Thread 0x0000028ef4348f20 Uncommon trap: reason=array_check action=maybe_recompile pc=0x0000028ea011eccc method=java.util.LinkedHashMap.keysToArray([Ljava/lang/Object;Z)[Ljava/lang/Object; @ 67 c2
Event: 3271.986 Thread 0x0000028ef4348f20 DEOPT PACKING pc=0x0000028ea011eccc sp=0x000000fc2e4fe8a0
Event: 3271.988 Thread 0x0000028ef4348f20 DEOPT UNPACKING pc=0x0000028e9f4d3aa2 sp=0x000000fc2e4fe820 mode 2

Classes loaded (20 events):
Event: 71.305 Loading class java/util/concurrent/CompletableFuture$UniCompletion done
Event: 71.306 Loading class java/util/concurrent/CompletableFuture$UniApply done
Event: 71.306 Loading class java/util/concurrent/CompletableFuture$UniAccept
Event: 71.306 Loading class java/util/concurrent/CompletableFuture$UniAccept done
Event: 71.306 Loading class java/util/concurrent/CompletableFuture$UniExceptionally
Event: 71.306 Loading class java/util/concurrent/CompletableFuture$UniExceptionally done
Event: 71.383 Loading class java/security/DigestInputStream
Event: 71.385 Loading class java/security/DigestInputStream done
Event: 282.550 Loading class java/io/SequenceInputStream
Event: 282.553 Loading class java/io/SequenceInputStream done
Event: 369.076 Loading class java/util/stream/Nodes$CollectorTask$OfRef
Event: 369.085 Loading class java/util/stream/Nodes$CollectorTask
Event: 369.093 Loading class java/util/stream/Nodes$CollectorTask done
Event: 369.093 Loading class java/util/stream/Nodes$CollectorTask$OfRef done
Event: 369.095 Loading class java/util/function/LongFunction
Event: 369.097 Loading class java/util/function/LongFunction done
Event: 369.102 Loading class java/util/stream/Nodes$ConcNode
Event: 369.105 Loading class java/util/stream/Nodes$AbstractConcNode
Event: 369.108 Loading class java/util/stream/Nodes$AbstractConcNode done
Event: 369.108 Loading class java/util/stream/Nodes$ConcNode done

Classes unloaded (13 events):
Event: 15.812 Thread 0x0000028eab7e4030 Unloading class 0x0000028ead1ab400 'java/lang/invoke/LambdaForm$MH+0x0000028ead1ab400'
Event: 15.812 Thread 0x0000028eab7e4030 Unloading class 0x0000028ead1ab000 'java/lang/invoke/LambdaForm$MH+0x0000028ead1ab000'
Event: 15.812 Thread 0x0000028eab7e4030 Unloading class 0x0000028ead1aac00 'java/lang/invoke/LambdaForm$MH+0x0000028ead1aac00'
Event: 15.812 Thread 0x0000028eab7e4030 Unloading class 0x0000028ead1aa800 'java/lang/invoke/LambdaForm$MH+0x0000028ead1aa800'
Event: 15.812 Thread 0x0000028eab7e4030 Unloading class 0x0000028ead1aa400 'java/lang/invoke/LambdaForm$BMH+0x0000028ead1aa400'
Event: 15.812 Thread 0x0000028eab7e4030 Unloading class 0x0000028ead1aa000 'java/lang/invoke/LambdaForm$DMH+0x0000028ead1aa000'
Event: 15.812 Thread 0x0000028eab7e4030 Unloading class 0x0000028ead1a8c00 'java/lang/invoke/LambdaForm$DMH+0x0000028ead1a8c00'
Event: 16.841 Thread 0x0000028eab7e4030 Unloading class 0x0000028ead3e0c00 'java/lang/invoke/LambdaForm$MH+0x0000028ead3e0c00'
Event: 16.841 Thread 0x0000028eab7e4030 Unloading class 0x0000028ead3e0000 'java/lang/invoke/LambdaForm$MH+0x0000028ead3e0000'
Event: 16.841 Thread 0x0000028eab7e4030 Unloading class 0x0000028ead3de800 'java/lang/invoke/LambdaForm$MH+0x0000028ead3de800'
Event: 16.841 Thread 0x0000028eab7e4030 Unloading class 0x0000028ead3de000 'java/lang/invoke/LambdaForm$MH+0x0000028ead3de000'
Event: 16.841 Thread 0x0000028eab7e4030 Unloading class 0x0000028ead3ddc00 'java/lang/invoke/LambdaForm$DMH+0x0000028ead3ddc00'
Event: 16.841 Thread 0x0000028eab7e4030 Unloading class 0x0000028ead3dd000 'java/lang/invoke/LambdaForm$MH+0x0000028ead3dd000'

Classes redefined (0 events):
No events

Internal exceptions (20 events):
Event: 71.358 Thread 0x0000028ef65bcb10 Exception <a 'sun/nio/fs/WindowsException'{0x00000000d5b04970}> (0x00000000d5b04970) 
thrown [s\src\hotspot\share\prims\jni.cpp, line 520]
Event: 71.358 Thread 0x0000028ef65bcb10 Exception <a 'sun/nio/fs/WindowsException'{0x00000000d5b153b8}> (0x00000000d5b153b8) 
thrown [s\src\hotspot\share\prims\jni.cpp, line 520]
Event: 71.359 Thread 0x0000028ef65bcb10 Exception <a 'sun/nio/fs/WindowsException'{0x00000000d5b15c98}> (0x00000000d5b15c98) 
thrown [s\src\hotspot\share\prims\jni.cpp, line 520]
Event: 71.361 Thread 0x0000028ef65bcb10 Implicit null exception at 0x0000028ea00cea83 to 0x0000028ea00ceaf8
Event: 282.139 Thread 0x0000028ef4348f20 Implicit null exception at 0x0000028e9ffd7751 to 0x0000028e9ffdae50
Event: 282.270 Thread 0x0000028ef4348f20 Exception <a 'java/lang/NoSuchMethodError'{0x00000000d5d7f9d0}: 'java.lang.Object java.lang.invoke.DirectMethodHandle$Holder.invokeStatic(java.lang.Object, java.lang.Object, int, java.lang.Object)'> (0x00000000d5d7f9d0) 
thrown [s\src\hotspot\share\interpreter\linkResolver.cpp, line 773]
Event: 282.678 Thread 0x0000028ef4348f20 Exception <a 'java/io/FileNotFoundException'{0x00000000d5ffa478}> (0x00000000d5ffa478) 
thrown [s\src\hotspot\share\prims\jni.cpp, line 520]
Event: 282.679 Thread 0x0000028ef4348f20 Exception <a 'java/io/FileNotFoundException'{0x00000000d5ffb490}> (0x00000000d5ffb490) 
thrown [s\src\hotspot\share\prims\jni.cpp, line 520]
Event: 369.210 Thread 0x0000028ef38ac350 Exception <a 'sun/nio/fs/WindowsException'{0x00000000d5815bc0}> (0x00000000d5815bc0) 
thrown [s\src\hotspot\share\prims\jni.cpp, line 520]
Event: 369.210 Thread 0x0000028ef38ac350 Exception <a 'sun/nio/fs/WindowsException'{0x00000000d58166f0}> (0x00000000d58166f0) 
thrown [s\src\hotspot\share\prims\jni.cpp, line 520]
Event: 369.216 Thread 0x0000028ef38ac350 Implicit null exception at 0x0000028e9ffd1426 to 0x0000028e9ffd162c
Event: 369.276 Thread 0x0000028ef38ac350 Exception <a 'java/lang/NoSuchMethodError'{0x00000000d58aa160}: 'java.lang.Object java.lang.invoke.DirectMethodHandle$Holder.newInvokeSpecial(java.lang.Object, java.lang.Object, java.lang.Object, java.lang.Object, java.lang.Object, java.lang.Object, java.lang.Object, java.lang.Object)'> (0x00000000d58aa160) 
thrown [s\src\hotspot\share\interpreter\linkResolver.cpp, line 773]
Event: 797.690 Thread 0x0000028ef38ac350 Exception <a 'sun/nio/fs/WindowsException'{0x00000000d60e78c8}> (0x00000000d60e78c8) 
thrown [s\src\hotspot\share\prims\jni.cpp, line 520]
Event: 797.692 Thread 0x0000028ef38ac350 Exception <a 'sun/nio/fs/WindowsException'{0x00000000d60efe98}> (0x00000000d60efe98) 
thrown [s\src\hotspot\share\prims\jni.cpp, line 520]
Event: 1125.785 Thread 0x0000028ef38ac350 Exception <a 'sun/nio/fs/WindowsException'{0x00000000d558b608}> (0x00000000d558b608) 
thrown [s\src\hotspot\share\prims\jni.cpp, line 520]
Event: 1125.785 Thread 0x0000028ef38ac350 Exception <a 'sun/nio/fs/WindowsException'{0x00000000d558bee8}> (0x00000000d558bee8) 
thrown [s\src\hotspot\share\prims\jni.cpp, line 520]
Event: 1573.665 Thread 0x0000028ef38ac350 Exception <a 'sun/nio/fs/WindowsException'{0x00000000d55bdc40}> (0x00000000d55bdc40) 
thrown [s\src\hotspot\share\prims\jni.cpp, line 520]
Event: 1573.675 Thread 0x0000028ef38ac350 Exception <a 'sun/nio/fs/WindowsException'{0x00000000d55be520}> (0x00000000d55be520) 
thrown [s\src\hotspot\share\prims\jni.cpp, line 520]
Event: 2063.052 Thread 0x0000028ef65bb760 Exception <a 'sun/nio/fs/WindowsException'{0x00000000d5a8ce90}> (0x00000000d5a8ce90) 
thrown [s\src\hotspot\share\prims\jni.cpp, line 520]
Event: 2063.058 Thread 0x0000028ef65bb760 Exception <a 'sun/nio/fs/WindowsException'{0x00000000d5a8d790}> (0x00000000d5a8d790) 
thrown [s\src\hotspot\share\prims\jni.cpp, line 520]

ZGC Phase Switch (0 events):
No events

VM Operations (20 events):
Event: 3067.168 Executing VM operation: RendezvousGCThreads
Event: 3067.168 Executing VM operation: RendezvousGCThreads done
Event: 3187.504 Executing VM operation: HandshakeAllThreads (HandshakeForDeflation)
Event: 3187.504 Executing VM operation: HandshakeAllThreads (HandshakeForDeflation) done
Event: 3187.504 Executing VM operation: RendezvousGCThreads
Event: 3187.504 Executing VM operation: RendezvousGCThreads done
Event: 3247.668 Executing VM operation: HandshakeAllThreads (HandshakeForDeflation)
Event: 3247.668 Executing VM operation: HandshakeAllThreads (HandshakeForDeflation) done
Event: 3247.668 Executing VM operation: RendezvousGCThreads
Event: 3247.668 Executing VM operation: RendezvousGCThreads done
Event: 3271.688 Executing VM operation: Cleanup
Event: 3271.691 Executing VM operation: Cleanup done
Event: 3272.691 Executing VM operation: Cleanup
Event: 3272.691 Executing VM operation: Cleanup done
Event: 3296.703 Executing VM operation: Cleanup
Event: 3296.709 Executing VM operation: Cleanup done
Event: 3307.929 Executing VM operation: HandshakeAllThreads (HandshakeForDeflation)
Event: 3307.933 Executing VM operation: HandshakeAllThreads (HandshakeForDeflation) done
Event: 3307.935 Executing VM operation: RendezvousGCThreads
Event: 3307.935 Executing VM operation: RendezvousGCThreads done

Memory protections (0 events):
No events

Nmethod flushes (20 events):
Event: 31.080 Thread 0x0000028eab7e4030 flushing  nmethod 0x0000028e988dc290
Event: 31.080 Thread 0x0000028eab7e4030 flushing  nmethod 0x0000028e988e7d10
Event: 31.080 Thread 0x0000028eab7e4030 flushing  nmethod 0x0000028e988ed410
Event: 31.080 Thread 0x0000028eab7e4030 flushing  nmethod 0x0000028e988f0910
Event: 31.080 Thread 0x0000028eab7e4030 flushing  nmethod 0x0000028e988f9c10
Event: 31.080 Thread 0x0000028eab7e4030 flushing  nmethod 0x0000028e988fe590
Event: 31.080 Thread 0x0000028eab7e4030 flushing  nmethod 0x0000028e98911010
Event: 31.080 Thread 0x0000028eab7e4030 flushing osr nmethod 0x0000028e98915b10
Event: 31.080 Thread 0x0000028eab7e4030 flushing  nmethod 0x0000028e98935290
Event: 31.080 Thread 0x0000028eab7e4030 flushing  nmethod 0x0000028e98936690
Event: 31.080 Thread 0x0000028eab7e4030 flushing  nmethod 0x0000028e98937e10
Event: 31.080 Thread 0x0000028eab7e4030 flushing  nmethod 0x0000028e98938410
Event: 31.080 Thread 0x0000028eab7e4030 flushing  nmethod 0x0000028e9893b210
Event: 31.080 Thread 0x0000028eab7e4030 flushing  nmethod 0x0000028e9893da90
Event: 31.080 Thread 0x0000028eab7e4030 flushing  nmethod 0x0000028e98942e90
Event: 31.080 Thread 0x0000028eab7e4030 flushing  nmethod 0x0000028e9895d810
Event: 31.080 Thread 0x0000028eab7e4030 flushing  nmethod 0x0000028e98977990
Event: 31.080 Thread 0x0000028eab7e4030 flushing  nmethod 0x0000028e9898a090
Event: 31.080 Thread 0x0000028eab7e4030 flushing  nmethod 0x0000028e98998110
Event: 31.080 Thread 0x0000028eab7e4030 flushing  nmethod 0x0000028e989c0090

Events (20 events):
Event: 369.222 Thread 0x0000028ef38ac350 Thread added: 0x0000028ef5e9de50
Event: 369.225 Thread 0x0000028ef5e9de50 Thread exited: 0x0000028ef5e9de50
Event: 797.675 Thread 0x0000028ef38ac350 Thread added: 0x0000028ef5e9eb70
Event: 797.679 Thread 0x0000028ef5e9eb70 Thread exited: 0x0000028ef5e9eb70
Event: 797.694 Thread 0x0000028ef38ac350 Thread added: 0x0000028ef5ea12d0
Event: 797.695 Thread 0x0000028ef5ea12d0 Thread exited: 0x0000028ef5ea12d0
Event: 1125.781 Thread 0x0000028ef38ac350 Thread added: 0x0000028ef5e9de50
Event: 1125.782 Thread 0x0000028ef5e9de50 Thread exited: 0x0000028ef5e9de50
Event: 1125.787 Thread 0x0000028ef38ac350 Thread added: 0x0000028ef5ea12d0
Event: 1125.788 Thread 0x0000028ef5ea12d0 Thread exited: 0x0000028ef5ea12d0
Event: 1453.529 Thread 0x0000028eee770450 Thread added: 0x0000028ef3c6de30
Event: 1458.812 Thread 0x0000028ef3c6de30 Thread exited: 0x0000028ef3c6de30
Event: 1573.564 Thread 0x0000028ef38ac350 Thread added: 0x0000028ef5e9f890
Event: 1573.579 Thread 0x0000028ef5e9f890 Thread exited: 0x0000028ef5e9f890
Event: 1573.720 Thread 0x0000028ef38ac350 Thread added: 0x0000028ef5e9f890
Event: 1573.734 Thread 0x0000028ef5e9f890 Thread exited: 0x0000028ef5e9f890
Event: 2062.970 Thread 0x0000028ef65bb760 Thread added: 0x0000028ef5e9de50
Event: 2062.993 Thread 0x0000028ef5e9de50 Thread exited: 0x0000028ef5e9de50
Event: 2063.078 Thread 0x0000028ef65bb760 Thread added: 0x0000028ef5e9f890
Event: 2063.080 Thread 0x0000028ef5e9f890 Thread exited: 0x0000028ef5e9f890


Dynamic libraries:
0x00007ff7fa910000 - 0x00007ff7fa91e000 	c:\Users\Admin\.vscode\extensions\redhat.java-1.51.0-win32-x64\jre\21.0.9-win32-x86_64\bin\java.exe
0x00007ffc466d0000 - 0x00007ffc468c8000 	C:\WINDOWS\SYSTEM32\ntdll.dll
0x00007ffc446f0000 - 0x00007ffc447b2000 	C:\WINDOWS\System32\KERNEL32.DLL
0x00007ffc44370000 - 0x00007ffc44666000 	C:\WINDOWS\System32\KERNELBASE.dll
0x00007ffc44070000 - 0x00007ffc44170000 	C:\WINDOWS\System32\ucrtbase.dll
0x00007ffc08e40000 - 0x00007ffc08e58000 	c:\Users\Admin\.vscode\extensions\redhat.java-1.51.0-win32-x64\jre\21.0.9-win32-x86_64\bin\jli.dll
0x00007ffc11be0000 - 0x00007ffc11bfe000 	c:\Users\Admin\.vscode\extensions\redhat.java-1.51.0-win32-x64\jre\21.0.9-win32-x86_64\bin\VCRUNTIME140.dll
0x00007ffc46080000 - 0x00007ffc46221000 	C:\WINDOWS\System32\USER32.dll
0x00007ffc31df0000 - 0x00007ffc3208b000 	C:\WINDOWS\WinSxS\amd64_microsoft.windows.common-controls_6595b64144ccf1df_6.0.19041.6456_none_60b8a6cb71f64256\COMCTL32.dll
0x00007ffc44040000 - 0x00007ffc44062000 	C:\WINDOWS\System32\win32u.dll
0x00007ffc45390000 - 0x00007ffc4542e000 	C:\WINDOWS\System32\msvcrt.dll
0x00007ffc46230000 - 0x00007ffc4625b000 	C:\WINDOWS\System32\GDI32.dll
0x00007ffc43df0000 - 0x00007ffc43f09000 	C:\WINDOWS\System32\gdi32full.dll
0x00007ffc44170000 - 0x00007ffc4420d000 	C:\WINDOWS\System32\msvcp_win.dll
0x00007ffc46260000 - 0x00007ffc4628f000 	C:\WINDOWS\System32\IMM32.DLL
0x00007ffc3f5c0000 - 0x00007ffc3f5cc000 	c:\Users\Admin\.vscode\extensions\redhat.java-1.51.0-win32-x64\jre\21.0.9-win32-x86_64\bin\vcruntime140_1.dll
0x00007ffc00670000 - 0x00007ffc006fd000 	c:\Users\Admin\.vscode\extensions\redhat.java-1.51.0-win32-x64\jre\21.0.9-win32-x86_64\bin\msvcp140.dll
0x00007ffba58e0000 - 0x00007ffba6680000 	c:\Users\Admin\.vscode\extensions\redhat.java-1.51.0-win32-x64\jre\21.0.9-win32-x86_64\bin\server\jvm.dll
0x00007ffc45430000 - 0x00007ffc454e1000 	C:\WINDOWS\System32\ADVAPI32.dll
0x00007ffc450f0000 - 0x00007ffc4518f000 	C:\WINDOWS\System32\sechost.dll
0x00007ffc45270000 - 0x00007ffc45390000 	C:\WINDOWS\System32\RPCRT4.dll
0x00007ffc44670000 - 0x00007ffc44697000 	C:\WINDOWS\System32\bcrypt.dll
0x00007ffc454f0000 - 0x00007ffc4555b000 	C:\WINDOWS\System32\WS2_32.dll
0x00007ffc438d0000 - 0x00007ffc4391b000 	C:\WINDOWS\SYSTEM32\POWRPROF.dll
0x00007ffc37fb0000 - 0x00007ffc37fd7000 	C:\WINDOWS\SYSTEM32\WINMM.dll
0x00007ffc3c680000 - 0x00007ffc3c68a000 	C:\WINDOWS\SYSTEM32\VERSION.dll
0x00007ffc437c0000 - 0x00007ffc437d2000 	C:\WINDOWS\SYSTEM32\UMPDC.dll
0x00007ffc42530000 - 0x00007ffc42542000 	C:\WINDOWS\SYSTEM32\kernel.appcore.dll
0x00007ffc3c0f0000 - 0x00007ffc3c0fa000 	c:\Users\Admin\.vscode\extensions\redhat.java-1.51.0-win32-x64\jre\21.0.9-win32-x86_64\bin\jimage.dll
0x00007ffc422f0000 - 0x00007ffc424f1000 	C:\WINDOWS\SYSTEM32\DBGHELP.DLL
0x00007ffc2e7b0000 - 0x00007ffc2e7e4000 	C:\WINDOWS\SYSTEM32\dbgcore.DLL
0x00007ffc43d60000 - 0x00007ffc43de2000 	C:\WINDOWS\System32\bcryptPrimitives.dll
0x00007ffc31c10000 - 0x00007ffc31c1f000 	c:\Users\Admin\.vscode\extensions\redhat.java-1.51.0-win32-x64\jre\21.0.9-win32-x86_64\bin\instrument.dll
0x00007ffc00b20000 - 0x00007ffc00b40000 	c:\Users\Admin\.vscode\extensions\redhat.java-1.51.0-win32-x64\jre\21.0.9-win32-x86_64\bin\java.dll
0x00007ffc45910000 - 0x00007ffc46080000 	C:\WINDOWS\System32\SHELL32.dll
0x00007ffc41b40000 - 0x00007ffc422e5000 	C:\WINDOWS\SYSTEM32\windows.storage.dll
0x00007ffc46290000 - 0x00007ffc465e4000 	C:\WINDOWS\System32\combase.dll
0x00007ffc43720000 - 0x00007ffc4374b000 	C:\WINDOWS\SYSTEM32\Wldp.dll
0x00007ffc44820000 - 0x00007ffc448ed000 	C:\WINDOWS\System32\OLEAUT32.dll
0x00007ffc45840000 - 0x00007ffc458ed000 	C:\WINDOWS\System32\SHCORE.dll
0x00007ffc44a70000 - 0x00007ffc44acb000 	C:\WINDOWS\System32\shlwapi.dll
0x00007ffc43c90000 - 0x00007ffc43cb4000 	C:\WINDOWS\SYSTEM32\profapi.dll
0x00007ffc2de40000 - 0x00007ffc2de58000 	c:\Users\Admin\.vscode\extensions\redhat.java-1.51.0-win32-x64\jre\21.0.9-win32-x86_64\bin\zip.dll
0x00007ffc2e370000 - 0x00007ffc2e380000 	C:\Users\Admin\.vscode\extensions\redhat.java-1.51.0-win32-x64\jre\21.0.9-win32-x86_64\bin\net.dll
0x00007ffc3d2a0000 - 0x00007ffc3d3aa000 	C:\WINDOWS\SYSTEM32\WINHTTP.dll
0x00007ffc43460000 - 0x00007ffc434ca000 	C:\WINDOWS\system32\mswsock.dll
0x00007ffbfcdd0000 - 0x00007ffbfcde6000 	C:\Users\Admin\.vscode\extensions\redhat.java-1.51.0-win32-x64\jre\21.0.9-win32-x86_64\bin\nio.dll
0x00007ffc0ab10000 - 0x00007ffc0ab20000 	c:\Users\Admin\.vscode\extensions\redhat.java-1.51.0-win32-x64\jre\21.0.9-win32-x86_64\bin\verify.dll
0x00007ffbf4800000 - 0x00007ffbf4844000 	C:\Users\Admin\AppData\Roaming\Code\User\globalStorage\redhat.java\1.51.0\config_win\org.eclipse.equinox.launcher\org.eclipse.equinox.launcher.win32.win32.x86_64_1.2.1400.v20250801-0854\eclipse_11916.dll
0x00007ffc45560000 - 0x00007ffc4568b000 	C:\WINDOWS\System32\ole32.dll
0x00007ffc43680000 - 0x00007ffc43698000 	C:\WINDOWS\SYSTEM32\CRYPTSP.dll
0x00007ffc42cf0000 - 0x00007ffc42d28000 	C:\WINDOWS\system32\rsaenh.dll
0x00007ffc43c10000 - 0x00007ffc43c3e000 	C:\WINDOWS\SYSTEM32\USERENV.dll
0x00007ffc43670000 - 0x00007ffc4367c000 	C:\WINDOWS\SYSTEM32\CRYPTBASE.dll
0x00007ffc43130000 - 0x00007ffc4316b000 	C:\WINDOWS\SYSTEM32\IPHLPAPI.DLL
0x00007ffc45690000 - 0x00007ffc45698000 	C:\WINDOWS\System32\NSI.dll
0x00007ffbf2110000 - 0x00007ffbf2159000 	C:\Users\Admin\AppData\Local\Temp\jna-63116079\jna3617326234233449451.dll
0x00007ffc45830000 - 0x00007ffc45838000 	C:\WINDOWS\System32\PSAPI.DLL
0x00007ffc3c7f0000 - 0x00007ffc3c807000 	C:\WINDOWS\SYSTEM32\dhcpcsvc6.DLL
0x00007ffc3c7d0000 - 0x00007ffc3c7ed000 	C:\WINDOWS\SYSTEM32\dhcpcsvc.DLL
0x00007ffc08c40000 - 0x00007ffc08c4e000 	C:\Users\Admin\.vscode\extensions\redhat.java-1.51.0-win32-x64\jre\21.0.9-win32-x86_64\bin\sunmscapi.dll
0x00007ffc44210000 - 0x00007ffc4436d000 	C:\WINDOWS\System32\CRYPT32.dll
0x00007ffc43790000 - 0x00007ffc437b7000 	C:\WINDOWS\SYSTEM32\ncrypt.dll
0x00007ffc43750000 - 0x00007ffc4378b000 	C:\WINDOWS\SYSTEM32\NTASN1.dll
0x00007ffc43170000 - 0x00007ffc4323a000 	C:\WINDOWS\SYSTEM32\DNSAPI.dll
0x00007ffc3c7c0000 - 0x00007ffc3c7ca000 	C:\Windows\System32\rasadhlp.dll
0x00007ffc38410000 - 0x00007ffc38490000 	C:\WINDOWS\System32\fwpuclnt.dll
0x00007ffc03350000 - 0x00007ffc03359000 	C:\Users\Admin\.vscode\extensions\redhat.java-1.51.0-win32-x64\jre\21.0.9-win32-x86_64\bin\extnet.dll
0x00007ffbfebd0000 - 0x00007ffbfebf7000 	C:\Users\Admin\.gradle\native\1def1411415f61bf3af743bc5b6707747c0891f09f0c88961ee8f79bc544acac\windows-amd64\native-platform.dll
0x00007ffc0a580000 - 0x00007ffc0a58a000 	C:\Users\Admin\.vscode\extensions\redhat.java-1.51.0-win32-x64\jre\21.0.9-win32-x86_64\bin\management.dll
0x00007ffc099c0000 - 0x00007ffc099cc000 	C:\Users\Admin\.vscode\extensions\redhat.java-1.51.0-win32-x64\jre\21.0.9-win32-x86_64\bin\management_ext.dll
0x00007ffc19c10000 - 0x00007ffc19c17000 	C:\WINDOWS\system32\wshunix.dll

JVMTI agents:
c:\Users\Admin\.vscode\extensions\redhat.java-1.51.0-win32-x64\lombok\lombok-1.18.39-4050.jar path:c:\Users\Admin\.vscode\extensions\redhat.java-1.51.0-win32-x64\jre\21.0.9-win32-x86_64\bin\instrument.dll, loaded, initialized, instrumentlib options:none

dbghelp: loaded successfully - version: 4.0.5 - missing functions: none
symbol engine: initialized successfully - sym options: 0x614 - pdb path: .;c:\Users\Admin\.vscode\extensions\redhat.java-1.51.0-win32-x64\jre\21.0.9-win32-x86_64\bin;C:\WINDOWS\SYSTEM32;C:\WINDOWS\WinSxS\amd64_microsoft.windows.common-controls_6595b64144ccf1df_6.0.19041.6456_none_60b8a6cb71f64256;c:\Users\Admin\.vscode\extensions\redhat.java-1.51.0-win32-x64\jre\21.0.9-win32-x86_64\bin\server;C:\Users\Admin\AppData\Roaming\Code\User\globalStorage\redhat.java\1.51.0\config_win\org.eclipse.equinox.launcher\org.eclipse.equinox.launcher.win32.win32.x86_64_1.2.1400.v20250801-0854;C:\Users\Admin\AppData\Local\Temp\jna-63116079;C:\Users\Admin\.gradle\native\1def1411415f61bf3af743bc5b6707747c0891f09f0c88961ee8f79bc544acac\windows-amd64

VM Arguments:
jvm_args: --add-modules=ALL-SYSTEM --add-opens=java.base/java.util=ALL-UNNAMED --add-opens=java.base/java.lang=ALL-UNNAMED --add-opens=java.base/sun.nio.fs=ALL-UNNAMED -Declipse.application=org.eclipse.jdt.ls.core.id1 -Dosgi.bundles.defaultStartLevel=4 -Declipse.product=org.eclipse.jdt.ls.core.product -Djava.import.generatesMetadataFilesAtProjectRoot=false -DDetectVMInstallationsJob.disabled=true -Dfile.encoding=utf8 -XX:+UseParallelGC -XX:GCTimeRatio=4 -XX:AdaptiveSizePolicyWeight=90 -Dsun.zip.disableMemoryMapping=true -Xmx2G -Xms100m -Xlog:disable -javaagent:c:\Users\Admin\.vscode\extensions\redhat.java-1.51.0-win32-x64\lombok\lombok-1.18.39-4050.jar -XX:+HeapDumpOnOutOfMemoryError -XX:HeapDumpPath=c:\Users\Admin\AppData\Roaming\Code\User\workspaceStorage\a175d72152ad519fb8fddd97f43ed626\redhat.java -Daether.dependencyCollector.impl=bf 
java_command: c:\Users\Admin\.vscode\extensions\redhat.java-1.51.0-win32-x64\server\plugins\org.eclipse.equinox.launcher_1.7.100.v20251111-0406.jar -configuration c:\Users\Admin\AppData\Roaming\Code\User\globalStorage\redhat.java\1.51.0\config_win -data c:\Users\Admin\AppData\Roaming\Code\User\workspaceStorage\a175d72152ad519fb8fddd97f43ed626\redhat.java\jdt_ws --pipe=\\.\pipe\lsp-ca0ed87612366c1159ee0abe8c4e955f-sock
java_class_path (initial): c:\Users\Admin\.vscode\extensions\redhat.java-1.51.0-win32-x64\server\plugins\org.eclipse.equinox.launcher_1.7.100.v20251111-0406.jar
Launcher Type: SUN_STANDARD

[Global flags]
    uintx AdaptiveSizePolicyWeight                 = 90                                        {product} {command line}
     intx CICompilerCount                          = 4                                         {product} {ergonomic}
    uintx GCTimeRatio                              = 4                                         {product} {command line}
     bool HeapDumpOnOutOfMemoryError               = true                                   {manageable} {command line}
    ccstr HeapDumpPath                             = c:\Users\Admin\AppData\Roaming\Code\User\workspaceStorage\a175d72152ad519fb8fddd97f43ed626\redhat.java         {manageable} {command line}
   size_t InitialHeapSize                          = 104857600                                 {product} {command line}
   size_t MaxHeapSize                              = 2147483648                                {product} {command line}
   size_t MaxNewSize                               = 715653120                                 {product} {ergonomic}
   size_t MinHeapDeltaBytes                        = 524288                                    {product} {ergonomic}
   size_t MinHeapSize                              = 104857600                                 {product} {command line}
   size_t NewSize                                  = 34603008                                  {product} {ergonomic}
    uintx NonNMethodCodeHeapSize                   = 5839372                                {pd product} {ergonomic}
    uintx NonProfiledCodeHeapSize                  = 122909434                              {pd product} {ergonomic}
   size_t OldSize                                  = 70254592                                  {product} {ergonomic}
    uintx ProfiledCodeHeapSize                     = 122909434                              {pd product} {ergonomic}
    uintx ReservedCodeCacheSize                    = 251658240                              {pd product} {ergonomic}
     bool SegmentedCodeCache                       = true                                      {product} {ergonomic}
   size_t SoftMaxHeapSize                          = 2147483648                             {manageable} {ergonomic}
     bool UseCompressedOops                        = true                           {product lp64_product} {ergonomic}
     bool UseLargePagesIndividualAllocation        = false                                  {pd product} {ergonomic}
     bool UseParallelGC                            = true                                      {product} {command line}

Logging:
Log output configuration:
 #0: stdout all=off uptime,level,tags foldmultilines=false
 #1: stderr all=off uptime,level,tags foldmultilines=false

Release file:
JAVA_VERSION="21.0.9" 
MODULES="java.base java.compiler java.datatransfer java.xml java.prefs java.desktop java.instrument java.logging java.management java.security.sasl java.naming java.rmi java.management.rmi java.net.http java.scripting java.security.jgss java.transaction.xa java.sql java.sql.rowset java.xml.crypto java.se java.smartcardio jdk.accessibility jdk.internal.jvmstat jdk.attach jdk.charsets jdk.internal.opt jdk.zipfs jdk.compiler jdk.crypto.ec jdk.crypto.cryptoki jdk.crypto.mscapi jdk.dynalink jdk.internal.ed jdk.editpad jdk.hotspot.agent jdk.httpserver jdk.internal.le jdk.internal.vm.ci jdk.internal.vm.compiler jdk.internal.vm.compiler.management jdk.jartool jdk.javadoc jdk.jcmd jdk.management jdk.management.agent jdk.jconsole jdk.jdeps jdk.jdwp.agent jdk.jdi jdk.jfr jdk.jshell jdk.jsobject jdk.jstatd jdk.localedata jdk.management.jfr jdk.naming.dns jdk.naming.rmi jdk.net jdk.nio.mapmode jdk.random jdk.sctp jdk.security.auth jdk.security.jgss jdk.unsupported jdk.unsupported.desktop jdk.xml.dom" 

Environment Variables:
JAVA_HOME=C:\Program Files\Java\jdk-21
PATH=C:\Program Files\Common Files\Oracle\Java\javapath;C:\Program Files\Java\jdk-21\bin;C:\Windows\system32;C:\Windows;C:\Windows\System32\Wbem;C:\Windows\System32\WindowsPowerShell\v1.0\;C:\Windows\System32\OpenSSH\;C:\Program Files (x86)\NVIDIA Corporation\PhysX\Common;C:\Program Files\NVIDIA Corporation\NVIDIA NvDLISR;C:\TDM-GCC-64\bin;C:\Program Files\Microsoft SQL Server\120\Tools\Binn\;C:\Program Files\Microsoft SQL Server\Client SDK\ODBC\110\Tools\Binn\;C:\Program Files (x86)\Microsoft SQL Server\120\Tools\Binn\;C:\Program Files\Microsoft SQL Server\120\DTS\Binn\;C:\Program Files (x86)\Microsoft SQL Server\120\Tools\Binn\ManagementStudio\;C:\Program Files (x86)\Microsoft SQL Server\120\DTS\Binn\;C:\Program Files\Git\cmd;C:\Users\Admin\AppData\Local\nvm;C:\nvm4w\nodejs;C:\ProgramData\chocolatey\bin;C:\Program Files\Docker\Docker\resources\bin;C:\WINDOWS\system32;C:\WINDOWS;C:\WINDOWS\System32\Wbem;C:\WINDOWS\System32\WindowsPowerShell\v1.0\;C:\WINDOWS\System32\OpenSSH\;C:\Program Files\Apache\Maven\apache-maven-3.9.11\bin;C:\Users\Admin\scoop\shims;C:\Program Files\MySQL\MySQL Shell 8.0\bin\;C:\Users\Admin\AppData\Local\Programs\Microsoft VS Code\bin;C:\MinGW\bin;C:\Users\Admin\AppData\Roaming\npm;C:\Users\Admin\AppData\Local\nvm;C:\nvm4w\nodejs;C:\Users\Admin\AppData\Local\Microsoft\WindowsApps;C:\Program Files\JetBrains\IntelliJ IDEA 2025.2.3\bin
USERNAME=Admin
OS=Windows_NT
PROCESSOR_IDENTIFIER=AMD64 Family 25 Model 80 Stepping 0, AuthenticAMD
TMP=C:\Users\Admin\AppData\Local\Temp
TEMP=C:\Users\Admin\AppData\Local\Temp




Periodic native trim disabled

---------------  S Y S T E M  ---------------

OS:
 Windows 10 , 64 bit Build 19041 (10.0.19041.5915)
OS uptime: 0 days 11:36 hours
Hyper-V role detected

CPU: total 12 (initial active 12) (12 cores per cpu, 2 threads per core) family 25 model 80 stepping 0 microcode 0x0, cx8, cmov, fxsr, ht, mmx, 3dnowpref, sse, sse2, sse3, ssse3, sse4a, sse4.1, sse4.2, popcnt, lzcnt, tsc, tscinvbit, avx, avx2, aes, erms, clmul, bmi1, bmi2, adx, sha, fma, vzeroupper, clflush, clflushopt, hv, rdtscp, rdpid, fsrm, f16c, cet_ss
Processor Information for the first 12 processors :
  Max Mhz: 3301, Current Mhz: 3301, Mhz Limit: 3301

Memory: 4k page, system-wide physical 5996M (123M free)
TotalPageFile size 24428M (AvailPageFile size 6M)
current process WorkingSet (physical memory assigned to process): 36M, peak: 285M
current process commit charge ("private bytes"): 385M, peak: 411M

vm_info: OpenJDK 64-Bit Server VM (21.0.9+10-LTS) for windows-amd64 JRE (21.0.9+10-LTS), built on 2025-10-21T00:00:00Z by "admin" with unknown MS VC++:1942

END.
